/*C3*/SET SCHEMA PUBLIC
DELETE FROM ACTIVOSFIJOS WHERE IDACTIVOFIJO='01020020800001'
INSERT INTO ACTIVOSFIJOS VALUES('01020020800001','null','2013-07-01','1.844390','EDIFICIO UNIDAD EDUCATIVA CORRALON','APROBADO',2,'null','null','null',0,299116.88E0,0.0E0,1.028085E0,307517.63E0,5.0E0,7287.75E0,7287.75E0,300229.88E0,173,20,2013,'2013-12-20 10:03:56.000000',TRUE,FALSE,FALSE,FALSE,39,16,1)
COMMIT
DELETE FROM ACTIVOSFIJOS WHERE IDACTIVOFIJO='02020020100001'
INSERT INTO ACTIVOSFIJOS VALUES('02020020100001','null','2013-07-01','1.844390','VITRINA DE MADERA ROBLE DE COLOR CAFE CLARO CUENTA CON 2 DIVISIONES HORIZONTALES 3 CAJONES MEDIOS Y 2 CAJONES INFERIORES DIM:167*122*37','APROBADO',2,'null','null','null',0,158.0E0,0.0E0,1.028085E0,162.44E0,50.0E0,38.5E0,38.5E0,123.94E0,173,2,2013,'2013-12-20 10:03:56.000000',TRUE,FALSE,FALSE,FALSE,23,10,1)
COMMIT
DELETE FROM ACTIVOSFIJOS WHERE IDACTIVOFIJO='02020020100002'
INSERT INTO ACTIVOSFIJOS VALUES('02020020100002','null','2013-07-01','1.844390','ESCRITORIO DE MADERA ROBLE DE COLOR CAFE CLARO CUENTA CON 2 CAJONES LATERALES DIM:82*102*72','APROBADO',2,'null','null','null',0,232.0E0,0.0E0,1.028085E0,238.52E0,50.0E0,56.53E0,56.53E0,181.99E0,173,2,2013,'2013-12-20 10:03:56.000000',TRUE,FALSE,FALSE,FALSE,24,10,1)
COMMIT
DELETE FROM ACTIVOSFIJOS WHERE IDACTIVOFIJO='02020020100003'
INSERT INTO ACTIVOSFIJOS VALUES('02020020100003','null','2013-07-01','1.844390','MESA DE MADERA ROBLE DE COLOR CAFE CLARO DIM:79*83*83','APROBADO',2,'null','null','null',0,94.0E0,0.0E0,1.028085E0,96.64E0,50.0E0,22.9E0,22.9E0,73.74E0,173,2,2013,'2013-12-20 10:03:56.000000',TRUE,FALSE,FALSE,FALSE,25,10,1)
COMMIT
DELETE FROM ACTIVOSFIJOS WHERE IDACTIVOFIJO='02020020100004'
INSERT INTO ACTIVOSFIJOS VALUES('02020020100004','null','2013-07-01','1.844390','MAQUINA DE ESCRIBIR MARCA OLYMPIA DE COLOR BLANCO MOD. 5G-3','APROBADO',2,'null','null','null',0,90.0E0,0.0E0,1.028085E0,92.53E0,100.0E0,43.86E0,43.86E0,48.67E0,173,1,2013,'2013-12-20 10:03:56.000000',TRUE,FALSE,FALSE,FALSE,26,10,1)
COMMIT
DELETE FROM ACTIVOSFIJOS WHERE IDACTIVOFIJO='02020020300001'
INSERT INTO ACTIVOSFIJOS VALUES('02020020300001','null','2013-07-01','1.844390','MESA DE MADERA ROBLE DE COLOR CAFE CLARO DIM:80*80*80','APROBADO',2,'null','null','null',0,94.0E0,0.0E0,1.028085E0,96.64E0,50.0E0,22.9E0,22.9E0,73.74E0,173,2,2013,'2013-12-20 10:03:56.000000',TRUE,FALSE,FALSE,FALSE,25,12,1)
COMMIT
DELETE FROM ACTIVOSFIJOS WHERE IDACTIVOFIJO='02020020300002'
INSERT INTO ACTIVOSFIJOS VALUES('02020020300002','null','2013-07-01','1.844390','SILLA DE MADERA ROBLE DE COLOR CAFE CLARO DIM:87*40*40','APROBADO',2,'null','null','null',0,35.0E0,0.0E0,1.028085E0,35.98E0,50.0E0,8.53E0,8.53E0,27.45E0,173,2,2013,'2013-12-20 10:03:56.000000',TRUE,FALSE,FALSE,FALSE,31,12,1)
COMMIT
DELETE FROM ACTIVOSFIJOS WHERE IDACTIVOFIJO='02020020300003'
INSERT INTO ACTIVOSFIJOS VALUES('02020020300003','null','2006-02-02','1.149200','ESTANTE DE MADERA PINO DE COLOR ROJO CUENTA CON 2 DIVISIONES HORIZONTALES Y 3 DIVISIONES VERTICALES DIM:151*102*37','APROBADO',2,'null','null','null',0,530.0E0,0.0E0,1.650009E0,874.5E0,10.0E0,84.81E0,689.78E0,184.72E0,2879,10,2006,'2013-12-20 10:03:56.000000',FALSE,FALSE,FALSE,FALSE,32,12,1)
COMMIT
DELETE FROM ACTIVOSFIJOS WHERE IDACTIVOFIJO='02020020500001'
INSERT INTO ACTIVOSFIJOS VALUES('02020020500001','null','2000-02-02','6.010000','ESTANTE DE MADERA PINO DE COLOR BLANCO CUENTA CON 2 DIVISIONES HORIZONTALES DIM:122*142*42','APROBADO',3,'null','null','null',0,415.0E0,0.0E0,0.255902E0,106.2E0,10.0E0,0.0E0,105.2E0,1.0E0,3653,10,2000,'2013-12-20 10:03:56.000000',FALSE,FALSE,FALSE,FALSE,32,14,1)
COMMIT
DELETE FROM ACTIVOSFIJOS WHERE IDACTIVOFIJO='02020020600001'
INSERT INTO ACTIVOSFIJOS VALUES('02020020600001','null','2013-07-01','1.844390','MESA DE MADERA ROBLE DE COLOR CAFE CLARO DIM:80*80*80','APROBADO',2,'null','null','null',0,94.0E0,0.0E0,1.028085E0,96.64E0,50.0E0,22.9E0,22.9E0,73.74E0,173,2,2013,'2013-12-20 10:03:56.000000',TRUE,FALSE,FALSE,FALSE,25,15,1)
COMMIT
DELETE FROM ACTIVOSFIJOS WHERE IDACTIVOFIJO='02020020600002'
INSERT INTO ACTIVOSFIJOS VALUES('02020020600002','null','2013-07-01','1.844390','MESA DE MADERA ROBLE DE COLOR CAFE CLARO DIM:80*80*80','APROBADO',2,'null','null','null',0,94.0E0,0.0E0,1.028085E0,96.64E0,50.0E0,22.9E0,22.9E0,73.74E0,173,2,2013,'2013-12-20 10:03:56.000000',TRUE,FALSE,FALSE,FALSE,25,15,1)
COMMIT
DELETE FROM ACTIVOSFIJOS WHERE IDACTIVOFIJO='05020020100001'
INSERT INTO ACTIVOSFIJOS VALUES('05020020100001','null','1999-12-31','5.980000','RADIO GRABADORA CASETERA MARCA SHARP DE COLOR NEGRO MOD. WF930 CUENTA CON 2 PARLANTES','APROBADO',3,'null','null','null',0,350.0E0,0.0E0,0.215443E0,75.41E0,12.5E0,0.0E0,74.41E0,1.0E0,2922,8,1999,'2013-12-20 10:03:56.000000',FALSE,FALSE,FALSE,FALSE,27,10,1)
COMMIT
DELETE FROM ACTIVOSFIJOS WHERE IDACTIVOFIJO='05020020300001'
INSERT INTO ACTIVOSFIJOS VALUES('05020020300001','null','2013-07-01','1.844390','VHS MARCA LG DE COLOR PLOMO MOD. GC97M','APROBADO',2,'null','null','null',0,162.0E0,0.0E0,1.028085E0,166.55E0,50.0E0,39.47E0,39.47E0,127.08E0,173,2,2013,'2013-12-20 10:03:56.000000',TRUE,FALSE,FALSE,FALSE,33,12,1)
COMMIT
DELETE FROM ACTIVOSFIJOS WHERE IDACTIVOFIJO='05020020300002'
INSERT INTO ACTIVOSFIJOS VALUES('05020020300002','null','2013-07-01','1.844390','TELEVISOR CRT MARCA ATEC HAIR DE COLOR PLOMO DE 21','APROBADO',2,'null','null','null',0,210.0E0,0.0E0,1.028085E0,215.9E0,50.0E0,51.17E0,51.17E0,164.73E0,173,2,2013,'2013-12-20 10:03:56.000000',TRUE,FALSE,FALSE,FALSE,34,12,1)
COMMIT
DELETE FROM ACTIVOSFIJOS WHERE IDACTIVOFIJO='05020020300003'
INSERT INTO ACTIVOSFIJOS VALUES('05020020300003','null','2010-02-01','1.537960','DVD MARCA MASTER G MOD. MG100 DE COLOR NEGRO','APROBADO',2,'null','null','null',0,280.0E0,0.0E0,1.232925E0,345.22E0,12.5E0,41.85E0,167.76E0,177.46E0,1419,8,2010,'2013-12-20 10:03:56.000000',FALSE,FALSE,FALSE,FALSE,35,12,1)
COMMIT
DELETE FROM ACTIVOSFIJOS WHERE IDACTIVOFIJO='06020020200001'
INSERT INTO ACTIVOSFIJOS VALUES('06020020200001','null','2008-11-12','1.445620','SILLA DE MADERA ROBLE DE COLOR CAFE CLARO CUENTA CON COMPARTIMENTO PARA LIBRO DIM:77*40*40','APROBADO',2,'null','null','null',0,150.0E0,0.0E0,1.311679E0,196.75E0,12.5E0,23.85E0,125.66E0,71.09E0,1865,8,2008,'2013-12-20 10:03:56.000000',FALSE,FALSE,FALSE,FALSE,28,11,1)
COMMIT
DELETE FROM ACTIVOSFIJOS WHERE IDACTIVOFIJO='06020020200002'
INSERT INTO ACTIVOSFIJOS VALUES('06020020200002','null','2008-11-12','1.445620','SILLA DE MADERA ROBLE DE COLOR CAFE CLARO CUENTA CON COMPARTIMENTO PARA LIBRO DIM:77*40*40','APROBADO',2,'null','null','null',0,150.0E0,0.0E0,1.311679E0,196.75E0,12.5E0,23.85E0,125.66E0,71.09E0,1865,8,2008,'2013-12-20 10:03:56.000000',FALSE,FALSE,FALSE,FALSE,28,11,1)
COMMIT
DELETE FROM ACTIVOSFIJOS WHERE IDACTIVOFIJO='06020020200003'
INSERT INTO ACTIVOSFIJOS VALUES('06020020200003','null','2008-11-12','1.445620','SILLA DE MADERA ROBLE DE COLOR CAFE CLARO CUENTA CON COMPARTIMENTO PARA LIBRO DIM:77*40*40','APROBADO',2,'null','null','null',0,150.0E0,0.0E0,1.311679E0,196.75E0,12.5E0,23.85E0,125.66E0,71.09E0,1865,8,2008,'2013-12-20 10:03:56.000000',FALSE,FALSE,FALSE,FALSE,28,11,1)
COMMIT
DELETE FROM ACTIVOSFIJOS WHERE IDACTIVOFIJO='06020020200004'
INSERT INTO ACTIVOSFIJOS VALUES('06020020200004','null','2008-11-12','1.445620','SILLA DE MADERA ROBLE DE COLOR CAFE CLARO CUENTA CON COMPARTIMENTO PARA LIBRO DIM:77*40*40','APROBADO',2,'null','null','null',0,150.0E0,0.0E0,1.311679E0,196.75E0,12.5E0,23.85E0,125.66E0,71.09E0,1865,8,2008,'2013-12-20 10:03:56.000000',FALSE,FALSE,FALSE,FALSE,28,11,1)
COMMIT
DELETE FROM ACTIVOSFIJOS WHERE IDACTIVOFIJO='06020020200005'
INSERT INTO ACTIVOSFIJOS VALUES('06020020200005','null','2008-11-12','1.445620','SILLA DE MADERA ROBLE DE COLOR CAFE CLARO CUENTA CON COMPARTIMENTO PARA LIBRO DIM:77*40*40','APROBADO',2,'null','null','null',0,150.0E0,0.0E0,1.311679E0,196.75E0,12.5E0,23.85E0,125.66E0,71.09E0,1865,8,2008,'2013-12-20 10:03:56.000000',FALSE,FALSE,FALSE,FALSE,28,11,1)
COMMIT
DELETE FROM ACTIVOSFIJOS WHERE IDACTIVOFIJO='06020020200006'
INSERT INTO ACTIVOSFIJOS VALUES('06020020200006','null','2008-11-12','1.445620','SILLA DE MADERA ROBLE DE COLOR CAFE CLARO CUENTA CON COMPARTIMENTO PARA LIBRO DIM:77*40*40','APROBADO',2,'null','null','null',0,150.0E0,0.0E0,1.311679E0,196.75E0,12.5E0,23.85E0,125.66E0,71.09E0,1865,8,2008,'2013-12-20 10:03:56.000000',FALSE,FALSE,FALSE,FALSE,28,11,1)
COMMIT
DELETE FROM ACTIVOSFIJOS WHERE IDACTIVOFIJO='06020020200007'
INSERT INTO ACTIVOSFIJOS VALUES('06020020200007','null','2008-11-12','1.445620','SILLA DE MADERA ROBLE DE COLOR CAFE CLARO CUENTA CON COMPARTIMENTO PARA LIBRO DIM:77*40*40','APROBADO',2,'null','null','null',0,150.0E0,0.0E0,1.311679E0,196.75E0,12.5E0,23.85E0,125.66E0,71.09E0,1865,8,2008,'2013-12-20 10:03:56.000000',FALSE,FALSE,FALSE,FALSE,28,11,1)
COMMIT
DELETE FROM ACTIVOSFIJOS WHERE IDACTIVOFIJO='06020020200008'
INSERT INTO ACTIVOSFIJOS VALUES('06020020200008','null','2008-11-12','1.445620','SILLA DE MADERA ROBLE DE COLOR CAFE CLARO CUENTA CON COMPARTIMENTO PARA LIBRO DIM:77*40*40','APROBADO',2,'null','null','null',0,150.0E0,0.0E0,1.311679E0,196.75E0,12.5E0,23.85E0,125.66E0,71.09E0,1865,8,2008,'2013-12-20 10:03:56.000000',FALSE,FALSE,FALSE,FALSE,28,11,1)
COMMIT
DELETE FROM ACTIVOSFIJOS WHERE IDACTIVOFIJO='06020020200009'
INSERT INTO ACTIVOSFIJOS VALUES('06020020200009','null','2008-11-12','1.445620','SILLA DE MADERA ROBLE DE COLOR CAFE CLARO CUENTA CON COMPARTIMENTO PARA LIBRO DIM:77*40*40','APROBADO',2,'null','null','null',0,150.0E0,0.0E0,1.311679E0,196.75E0,12.5E0,23.85E0,125.66E0,71.09E0,1865,8,2008,'2013-12-20 10:03:56.000000',FALSE,FALSE,FALSE,FALSE,28,11,1)
COMMIT
DELETE FROM ACTIVOSFIJOS WHERE IDACTIVOFIJO='06020020200010'
INSERT INTO ACTIVOSFIJOS VALUES('06020020200010','null','2008-11-12','1.445620','SILLA DE MADERA ROBLE DE COLOR CAFE CLARO CUENTA CON COMPARTIMENTO PARA LIBRO DIM:77*40*40','APROBADO',2,'null','null','null',0,150.0E0,0.0E0,1.311679E0,196.75E0,12.5E0,23.85E0,125.66E0,71.09E0,1865,8,2008,'2013-12-20 10:03:56.000000',FALSE,FALSE,FALSE,FALSE,28,11,1)
COMMIT
DELETE FROM ACTIVOSFIJOS WHERE IDACTIVOFIJO='06020020200011'
INSERT INTO ACTIVOSFIJOS VALUES('06020020200011','null','2009-11-11','1.536250','MESA MEDIA HEXAGONAL DE MADERA ROBLE DE COLOR CAFE CLARO DIM:64*120*55','APROBADO',2,'null','null','null',0,410.0E0,0.0E0,1.234298E0,506.06E0,12.5E0,61.35E0,260.14E0,245.92E0,1501,8,2009,'2013-12-20 10:03:56.000000',FALSE,FALSE,FALSE,FALSE,29,11,1)
COMMIT
DELETE FROM ACTIVOSFIJOS WHERE IDACTIVOFIJO='06020020200012'
INSERT INTO ACTIVOSFIJOS VALUES('06020020200012','null','2009-11-11','1.536250','MESA MEDIA HEXAGONAL DE MADERA ROBLE DE COLOR CAFE CLARO DIM:64*120*55','APROBADO',2,'null','null','null',0,410.0E0,0.0E0,1.234298E0,506.06E0,12.5E0,61.35E0,260.14E0,245.92E0,1501,8,2009,'2013-12-20 10:03:56.000000',FALSE,FALSE,FALSE,FALSE,29,11,1)
COMMIT
DELETE FROM ACTIVOSFIJOS WHERE IDACTIVOFIJO='06020020200013'
INSERT INTO ACTIVOSFIJOS VALUES('06020020200013','null','2009-11-11','1.536250','MESA MEDIA HEXAGONAL DE MADERA ROBLE DE COLOR CAFE CLARO DIM:64*120*55','APROBADO',2,'null','null','null',0,410.0E0,0.0E0,1.234298E0,506.06E0,12.5E0,61.35E0,260.14E0,245.92E0,1501,8,2009,'2013-12-20 10:03:56.000000',FALSE,FALSE,FALSE,FALSE,29,11,1)
COMMIT
DELETE FROM ACTIVOSFIJOS WHERE IDACTIVOFIJO='06020020200014'
INSERT INTO ACTIVOSFIJOS VALUES('06020020200014','null','2008-06-21','1.367320','PIZARRA ACRILCA CON MARCO DE ALUMINIO DIM:125*204','APROBADO',2,'null','null','null',0,595.0E0,0.0E0,1.386793E0,825.14E0,12.5E0,100.03E0,567.71E0,257.43E0,2009,8,2008,'2013-12-20 10:03:56.000000',FALSE,FALSE,FALSE,FALSE,30,11,1)
COMMIT
DELETE FROM ACTIVOSFIJOS WHERE IDACTIVOFIJO='06020020300001'
INSERT INTO ACTIVOSFIJOS VALUES('06020020300001','null','2008-11-12','1.445620','SILLA DE MADERA ROBLE DE COLOR CAFE CLARO CUENTA CON COMPARTIMENTO PARA LIBROS DIM:70*40*40','APROBADO',2,'null','null','null',0,150.0E0,0.0E0,1.311679E0,196.75E0,12.5E0,23.85E0,125.66E0,71.09E0,1865,8,2008,'2013-12-20 10:03:56.000000',FALSE,FALSE,FALSE,FALSE,28,12,1)
COMMIT
DELETE FROM ACTIVOSFIJOS WHERE IDACTIVOFIJO='06020020300002'
INSERT INTO ACTIVOSFIJOS VALUES('06020020300002','null','2008-11-12','1.445620','SILLA DE MADERA ROBLE DE COLOR CAFE CLARO CUENTA CON COMPARTIMENTO PARA LIBROS DIM:70*40*40','APROBADO',2,'null','null','null',0,150.0E0,0.0E0,1.311679E0,196.75E0,12.5E0,23.85E0,125.66E0,71.09E0,1865,8,2008,'2013-12-20 10:03:56.000000',FALSE,FALSE,FALSE,FALSE,28,12,1)
COMMIT
DELETE FROM ACTIVOSFIJOS WHERE IDACTIVOFIJO='06020020300003'
INSERT INTO ACTIVOSFIJOS VALUES('06020020300003','null','2008-11-12','1.445620','SILLA DE MADERA ROBLE DE COLOR CAFE CLARO CUENTA CON COMPARTIMENTO PARA LIBROS DIM:70*40*40','APROBADO',2,'null','null','null',0,150.0E0,0.0E0,1.311679E0,196.75E0,12.5E0,23.85E0,125.66E0,71.09E0,1865,8,2008,'2013-12-20 10:03:56.000000',FALSE,FALSE,FALSE,FALSE,28,12,1)
COMMIT
DELETE FROM ACTIVOSFIJOS WHERE IDACTIVOFIJO='06020020300004'
INSERT INTO ACTIVOSFIJOS VALUES('06020020300004','null','2008-11-12','1.445620','SILLA DE MADERA ROBLE DE COLOR CAFE CLARO CUENTA CON COMPARTIMENTO PARA LIBROS DIM:70*40*40','APROBADO',2,'null','null','null',0,150.0E0,0.0E0,1.311679E0,196.75E0,12.5E0,23.85E0,125.66E0,71.09E0,1865,8,2008,'2013-12-20 10:03:56.000000',FALSE,FALSE,FALSE,FALSE,28,12,1)
COMMIT
DELETE FROM ACTIVOSFIJOS WHERE IDACTIVOFIJO='06020020300005'
INSERT INTO ACTIVOSFIJOS VALUES('06020020300005','null','2008-11-12','1.445620','SILLA DE MADERA ROBLE DE COLOR CAFE CLARO CUENTA CON COMPARTIMENTO PARA LIBROS DIM:70*40*40','APROBADO',2,'null','null','null',0,150.0E0,0.0E0,1.311679E0,196.75E0,12.5E0,23.85E0,125.66E0,71.09E0,1865,8,2008,'2013-12-20 10:03:56.000000',FALSE,FALSE,FALSE,FALSE,28,12,1)
COMMIT
DELETE FROM ACTIVOSFIJOS WHERE IDACTIVOFIJO='06020020300006'
INSERT INTO ACTIVOSFIJOS VALUES('06020020300006','null','2008-11-12','1.445620','SILLA DE MADERA ROBLE DE COLOR CAFE CLARO CUENTA CON COMPARTIMENTO PARA LIBROS DIM:70*40*40','APROBADO',2,'null','null','null',0,150.0E0,0.0E0,1.311679E0,196.75E0,12.5E0,23.85E0,125.66E0,71.09E0,1865,8,2008,'2013-12-20 10:03:56.000000',FALSE,FALSE,FALSE,FALSE,28,12,1)
COMMIT
DELETE FROM ACTIVOSFIJOS WHERE IDACTIVOFIJO='06020020300007'
INSERT INTO ACTIVOSFIJOS VALUES('06020020300007','null','2008-11-12','1.445620','SILLA DE MADERA ROBLE DE COLOR CAFE CLARO CUENTA CON COMPARTIMENTO PARA LIBROS DIM:70*40*40','APROBADO',2,'null','null','null',0,150.0E0,0.0E0,1.311679E0,196.75E0,12.5E0,23.85E0,125.66E0,71.09E0,1865,8,2008,'2013-12-20 10:03:56.000000',FALSE,FALSE,FALSE,FALSE,28,12,1)
COMMIT
DELETE FROM ACTIVOSFIJOS WHERE IDACTIVOFIJO='06020020300008'
INSERT INTO ACTIVOSFIJOS VALUES('06020020300008','null','2008-11-12','1.445620','SILLA DE MADERA ROBLE DE COLOR CAFE CLARO CUENTA CON COMPARTIMENTO PARA LIBROS DIM:70*40*40','APROBADO',2,'null','null','null',0,150.0E0,0.0E0,1.311679E0,196.75E0,12.5E0,23.85E0,125.66E0,71.09E0,1865,8,2008,'2013-12-20 10:03:56.000000',FALSE,FALSE,FALSE,FALSE,28,12,1)
COMMIT
DELETE FROM ACTIVOSFIJOS WHERE IDACTIVOFIJO='06020020300009'
INSERT INTO ACTIVOSFIJOS VALUES('06020020300009','null','2008-11-12','1.445620','SILLA DE MADERA ROBLE DE COLOR CAFE CLARO CUENTA CON COMPARTIMENTO PARA LIBROS DIM:70*40*40','APROBADO',2,'null','null','null',0,150.0E0,0.0E0,1.311679E0,196.75E0,12.5E0,23.85E0,125.66E0,71.09E0,1865,8,2008,'2013-12-20 10:03:56.000000',FALSE,FALSE,FALSE,FALSE,28,12,1)
COMMIT
DELETE FROM ACTIVOSFIJOS WHERE IDACTIVOFIJO='06020020300010'
INSERT INTO ACTIVOSFIJOS VALUES('06020020300010','null','2009-11-11','1.536250','MESA MEDIA HEXAGONAL DE MADERA ROBLE DE COLOR CAFE CLARO DIM:64*120*55','APROBADO',2,'null','null','null',0,410.0E0,0.0E0,1.234298E0,506.06E0,12.5E0,61.35E0,260.14E0,245.92E0,1501,8,2009,'2013-12-20 10:03:56.000000',FALSE,FALSE,FALSE,FALSE,29,12,1)
COMMIT
DELETE FROM ACTIVOSFIJOS WHERE IDACTIVOFIJO='06020020300011'
INSERT INTO ACTIVOSFIJOS VALUES('06020020300011','null','2009-11-11','1.536250','MESA MEDIA HEXAGONAL DE MADERA ROBLE DE COLOR CAFE CLARO DIM:64*120*55','APROBADO',2,'null','null','null',0,410.0E0,0.0E0,1.234298E0,506.06E0,12.5E0,61.35E0,260.14E0,245.92E0,1501,8,2009,'2013-12-20 10:03:56.000000',FALSE,FALSE,FALSE,FALSE,29,12,1)
COMMIT
DELETE FROM ACTIVOSFIJOS WHERE IDACTIVOFIJO='06020020300012'
INSERT INTO ACTIVOSFIJOS VALUES('06020020300012','null','2009-11-11','1.536250','MESA MEDIA HEXAGONAL DE MADERA ROBLE DE COLOR CAFE CLARO DIM:64*120*55','APROBADO',2,'null','null','null',0,410.0E0,0.0E0,1.234298E0,506.06E0,12.5E0,61.35E0,260.14E0,245.92E0,1501,8,2009,'2013-12-20 10:03:56.000000',FALSE,FALSE,FALSE,FALSE,29,12,1)
COMMIT
DELETE FROM ACTIVOSFIJOS WHERE IDACTIVOFIJO='06020020300013'
INSERT INTO ACTIVOSFIJOS VALUES('06020020300013','null','2009-11-11','1.536250','MESA MEDIA HEXAGONAL DE MADERA ROBLE DE COLOR CAFE CLARO DIM:64*120*55','APROBADO',2,'null','null','null',0,410.0E0,0.0E0,1.234298E0,506.06E0,12.5E0,61.35E0,260.14E0,245.92E0,1501,8,2009,'2013-12-20 10:03:56.000000',FALSE,FALSE,FALSE,FALSE,29,12,1)
COMMIT
DELETE FROM ACTIVOSFIJOS WHERE IDACTIVOFIJO='06020020300014'
INSERT INTO ACTIVOSFIJOS VALUES('06020020300014','null','2009-11-11','1.536250','MESA MEDIA HEXAGONAL DE MADERA ROBLE DE COLOR CAFE CLARO DIM:64*120*55','APROBADO',2,'null','null','null',0,410.0E0,0.0E0,1.234298E0,506.06E0,12.5E0,61.35E0,260.14E0,245.92E0,1501,8,2009,'2013-12-20 10:03:56.000000',FALSE,FALSE,FALSE,FALSE,29,12,1)
COMMIT
DELETE FROM ACTIVOSFIJOS WHERE IDACTIVOFIJO='06020020300015'
INSERT INTO ACTIVOSFIJOS VALUES('06020020300015','null','2009-11-11','1.536250','MESA MEDIA HEXAGONAL DE MADERA ROBLE DE COLOR CAFE CLARO DIM:64*120*55','APROBADO',2,'null','null','null',0,410.0E0,0.0E0,1.234298E0,506.06E0,12.5E0,61.35E0,260.14E0,245.92E0,1501,8,2009,'2013-12-20 10:03:56.000000',FALSE,FALSE,FALSE,FALSE,29,12,1)
COMMIT
DELETE FROM ACTIVOSFIJOS WHERE IDACTIVOFIJO='06020020300016'
INSERT INTO ACTIVOSFIJOS VALUES('06020020300016','null','2008-06-21','1.367320','PIZARRA ACRILICA CON MARDO DE ALUMINIO DIM:125*204','APROBADO',2,'null','null','null',0,595.0E0,0.0E0,1.386793E0,825.14E0,12.5E0,100.03E0,567.71E0,257.43E0,2009,8,2008,'2013-12-20 10:03:56.000000',FALSE,FALSE,FALSE,FALSE,30,12,1)
COMMIT
DELETE FROM ACTIVOSFIJOS WHERE IDACTIVOFIJO='06020020300017'
INSERT INTO ACTIVOSFIJOS VALUES('06020020300017','null','2013-07-01','1.844390','PIZARRA PARA TIZA CON MARCO DE MADERA DIM:205*134','APROBADO',2,'null','null','null',0,210.0E0,0.0E0,1.028085E0,215.9E0,33.33E0,34.11E0,34.11E0,181.79E0,173,3,2013,'2013-12-20 10:03:56.000000',TRUE,FALSE,FALSE,FALSE,30,12,1)
COMMIT
DELETE FROM ACTIVOSFIJOS WHERE IDACTIVOFIJO='06020020400001'
INSERT INTO ACTIVOSFIJOS VALUES('06020020400001','null','2008-11-12','1.445620','SILLA DE MADERA ROBLE DE COLOR CAFE CLARO CUENTA CON COMPARTIMENTO PARA LIBRO DIM,70*40*40','APROBADO',2,'null','null','null',0,150.0E0,0.0E0,1.311679E0,196.75E0,12.5E0,23.85E0,125.66E0,71.09E0,1865,8,2008,'2013-12-20 10:03:56.000000',FALSE,FALSE,FALSE,FALSE,28,13,1)
COMMIT
DELETE FROM ACTIVOSFIJOS WHERE IDACTIVOFIJO='06020020400002'
INSERT INTO ACTIVOSFIJOS VALUES('06020020400002','null','2008-11-12','1.445620','SILLA DE MADERA ROBLE DE COLOR CAFE CLARO CUENTA CON COMPARTIMENTO PARA LIBRO DIM,70*40*40','APROBADO',2,'null','null','null',0,150.0E0,0.0E0,1.311679E0,196.75E0,12.5E0,23.85E0,125.66E0,71.09E0,1865,8,2008,'2013-12-20 10:03:56.000000',FALSE,FALSE,FALSE,FALSE,28,13,1)
COMMIT
DELETE FROM ACTIVOSFIJOS WHERE IDACTIVOFIJO='06020020400003'
INSERT INTO ACTIVOSFIJOS VALUES('06020020400003','null','2008-11-12','1.445620','SILLA DE MADERA ROBLE DE COLOR CAFE CLARO CUENTA CON COMPARTIMENTO PARA LIBRO DIM,70*40*40','APROBADO',2,'null','null','null',0,150.0E0,0.0E0,1.311679E0,196.75E0,12.5E0,23.85E0,125.66E0,71.09E0,1865,8,2008,'2013-12-20 10:03:56.000000',FALSE,FALSE,FALSE,FALSE,28,13,1)
COMMIT
DELETE FROM ACTIVOSFIJOS WHERE IDACTIVOFIJO='06020020400004'
INSERT INTO ACTIVOSFIJOS VALUES('06020020400004','null','2008-11-12','1.445620','SILLA DE MADERA ROBLE DE COLOR CAFE CLARO CUENTA CON COMPARTIMENTO PARA LIBRO DIM,70*40*40','APROBADO',2,'null','null','null',0,150.0E0,0.0E0,1.311679E0,196.75E0,12.5E0,23.85E0,125.66E0,71.09E0,1865,8,2008,'2013-12-20 10:03:56.000000',FALSE,FALSE,FALSE,FALSE,28,13,1)
COMMIT
DELETE FROM ACTIVOSFIJOS WHERE IDACTIVOFIJO='06020020400005'
INSERT INTO ACTIVOSFIJOS VALUES('06020020400005','null','2008-11-12','1.445620','SILLA DE MADERA ROBLE DE COLOR CAFE CLARO CUENTA CON COMPARTIMENTO PARA LIBRO DIM,70*40*40','APROBADO',2,'null','null','null',0,150.0E0,0.0E0,1.311679E0,196.75E0,12.5E0,23.85E0,125.66E0,71.09E0,1865,8,2008,'2013-12-20 10:03:56.000000',FALSE,FALSE,FALSE,FALSE,28,13,1)
COMMIT
DELETE FROM ACTIVOSFIJOS WHERE IDACTIVOFIJO='06020020400006'
INSERT INTO ACTIVOSFIJOS VALUES('06020020400006','null','2008-11-12','1.445620','SILLA DE MADERA ROBLE DE COLOR CAFE CLARO CUENTA CON COMPARTIMENTO PARA LIBRO DIM,70*40*40','APROBADO',2,'null','null','null',0,150.0E0,0.0E0,1.311679E0,196.75E0,12.5E0,23.85E0,125.66E0,71.09E0,1865,8,2008,'2013-12-20 10:03:56.000000',FALSE,FALSE,FALSE,FALSE,28,13,1)
COMMIT
DELETE FROM ACTIVOSFIJOS WHERE IDACTIVOFIJO='06020020400007'
INSERT INTO ACTIVOSFIJOS VALUES('06020020400007','null','2008-11-12','1.445620','SILLA DE MADERA ROBLE DE COLOR CAFE CLARO CUENTA CON COMPARTIMENTO PARA LIBRO DIM,70*40*40','APROBADO',2,'null','null','null',0,150.0E0,0.0E0,1.311679E0,196.75E0,12.5E0,23.85E0,125.66E0,71.09E0,1865,8,2008,'2013-12-20 10:03:56.000000',FALSE,FALSE,FALSE,FALSE,28,13,1)
COMMIT
DELETE FROM ACTIVOSFIJOS WHERE IDACTIVOFIJO='06020020400008'
INSERT INTO ACTIVOSFIJOS VALUES('06020020400008','null','2008-11-12','1.445620','SILLA DE MADERA ROBLE DE COLOR CAFE CLARO CUENTA CON COMPARTIMENTO PARA LIBRO DIM,70*40*40','APROBADO',2,'null','null','null',0,150.0E0,0.0E0,1.311679E0,196.75E0,12.5E0,23.85E0,125.66E0,71.09E0,1865,8,2008,'2013-12-20 10:03:56.000000',FALSE,FALSE,FALSE,FALSE,28,13,1)
COMMIT
DELETE FROM ACTIVOSFIJOS WHERE IDACTIVOFIJO='06020020400009'
INSERT INTO ACTIVOSFIJOS VALUES('06020020400009','null','2008-11-12','1.445620','SILLA DE MADERA ROBLE DE COLOR CAFE CLARO CUENTA CON COMPARTIMENTO PARA LIBRO DIM,70*40*40','APROBADO',2,'null','null','null',0,150.0E0,0.0E0,1.311679E0,196.75E0,12.5E0,23.85E0,125.66E0,71.09E0,1865,8,2008,'2013-12-20 10:03:56.000000',FALSE,FALSE,FALSE,FALSE,28,13,1)
COMMIT
DELETE FROM ACTIVOSFIJOS WHERE IDACTIVOFIJO='06020020400010'
INSERT INTO ACTIVOSFIJOS VALUES('06020020400010','null','2008-11-12','1.445620','SILLA DE MADERA ROBLE DE COLOR CAFE CLARO CUENTA CON COMPARTIMENTO PARA LIBRO DIM,70*40*40','APROBADO',2,'null','null','null',0,150.0E0,0.0E0,1.311679E0,196.75E0,12.5E0,23.85E0,125.66E0,71.09E0,1865,8,2008,'2013-12-20 10:03:56.000000',FALSE,FALSE,FALSE,FALSE,28,13,1)
COMMIT
DELETE FROM ACTIVOSFIJOS WHERE IDACTIVOFIJO='06020020400011'
INSERT INTO ACTIVOSFIJOS VALUES('06020020400011','null','2008-11-12','1.445620','SILLA DE MADERA ROBLE DE COLOR CAFE CLARO CUENTA CON COMPARTIMENTO PARA LIBRO DIM,70*40*40','APROBADO',2,'null','null','null',0,150.0E0,0.0E0,1.311679E0,196.75E0,12.5E0,23.85E0,125.66E0,71.09E0,1865,8,2008,'2013-12-20 10:03:56.000000',FALSE,FALSE,FALSE,FALSE,28,13,1)
COMMIT
DELETE FROM ACTIVOSFIJOS WHERE IDACTIVOFIJO='06020020400012'
INSERT INTO ACTIVOSFIJOS VALUES('06020020400012','null','2008-11-12','1.445620','SILLA DE MADERA ROBLE DE COLOR CAFE CLARO CUENTA CON COMPARTIMENTO PARA LIBRO DIM,70*40*40','APROBADO',2,'null','null','null',0,150.0E0,0.0E0,1.311679E0,196.75E0,12.5E0,23.85E0,125.66E0,71.09E0,1865,8,2008,'2013-12-20 10:03:56.000000',FALSE,FALSE,FALSE,FALSE,28,13,1)
COMMIT
DELETE FROM ACTIVOSFIJOS WHERE IDACTIVOFIJO='06020020400013'
INSERT INTO ACTIVOSFIJOS VALUES('06020020400013','null','2008-11-12','1.445620','SILLA DE MADERA ROBLE DE COLOR CAFE CLARO CUENTA CON COMPARTIMENTO PARA LIBRO DIM,70*40*40','APROBADO',2,'null','null','null',0,150.0E0,0.0E0,1.311679E0,196.75E0,12.5E0,23.85E0,125.66E0,71.09E0,1865,8,2008,'2013-12-20 10:03:56.000000',FALSE,FALSE,FALSE,FALSE,28,13,1)
COMMIT
DELETE FROM ACTIVOSFIJOS WHERE IDACTIVOFIJO='06020020400014'
INSERT INTO ACTIVOSFIJOS VALUES('06020020400014','null','2008-11-12','1.445620','SILLA DE MADERA ROBLE DE COLOR CAFE CLARO CUENTA CON COMPARTIMENTO PARA LIBRO DIM,70*40*40','APROBADO',2,'null','null','null',0,150.0E0,0.0E0,1.311679E0,196.75E0,12.5E0,23.85E0,125.66E0,71.09E0,1865,8,2008,'2013-12-20 10:03:56.000000',FALSE,FALSE,FALSE,FALSE,28,13,1)
COMMIT
DELETE FROM ACTIVOSFIJOS WHERE IDACTIVOFIJO='06020020400015'
INSERT INTO ACTIVOSFIJOS VALUES('06020020400015','null','2008-11-12','1.445620','SILLA DE MADERA ROBLE DE COLOR CAFE CLARO CUENTA CON COMPARTIMENTO PARA LIBRO DIM,70*40*40','APROBADO',2,'null','null','null',0,150.0E0,0.0E0,1.311679E0,196.75E0,12.5E0,23.85E0,125.66E0,71.09E0,1865,8,2008,'2013-12-20 10:03:56.000000',FALSE,FALSE,FALSE,FALSE,28,13,1)
COMMIT
DELETE FROM ACTIVOSFIJOS WHERE IDACTIVOFIJO='06020020400016'
INSERT INTO ACTIVOSFIJOS VALUES('06020020400016','null','2008-11-12','1.445620','SILLA DE MADERA ROBLE DE COLOR CAFE CLARO CUENTA CON COMPARTIMENTO PARA LIBRO DIM,70*40*40','APROBADO',2,'null','null','null',0,150.0E0,0.0E0,1.311679E0,196.75E0,12.5E0,23.85E0,125.66E0,71.09E0,1865,8,2008,'2013-12-20 10:03:56.000000',FALSE,FALSE,FALSE,FALSE,28,13,1)
COMMIT
DELETE FROM ACTIVOSFIJOS WHERE IDACTIVOFIJO='06020020400017'
INSERT INTO ACTIVOSFIJOS VALUES('06020020400017','null','2008-11-12','1.445620','SILLA DE MADERA ROBLE DE COLOR CAFE CLARO CUENTA CON COMPARTIMENTO PARA LIBRO DIM,70*40*40','APROBADO',2,'null','null','null',0,150.0E0,0.0E0,1.311679E0,196.75E0,12.5E0,23.85E0,125.66E0,71.09E0,1865,8,2008,'2013-12-20 10:03:56.000000',FALSE,FALSE,FALSE,FALSE,28,13,1)
COMMIT
DELETE FROM ACTIVOSFIJOS WHERE IDACTIVOFIJO='06020020400018'
INSERT INTO ACTIVOSFIJOS VALUES('06020020400018','null','2008-11-12','1.445620','SILLA DE MADERA ROBLE DE COLOR CAFE CLARO CUENTA CON COMPARTIMENTO PARA LIBRO DIM,70*40*40','APROBADO',2,'null','null','null',0,150.0E0,0.0E0,1.311679E0,196.75E0,12.5E0,23.85E0,125.66E0,71.09E0,1865,8,2008,'2013-12-20 10:03:56.000000',FALSE,FALSE,FALSE,FALSE,28,13,1)
COMMIT
DELETE FROM ACTIVOSFIJOS WHERE IDACTIVOFIJO='06020020400019'
INSERT INTO ACTIVOSFIJOS VALUES('06020020400019','null','2008-11-12','1.445620','SILLA DE MADERA ROBLE DE COLOR CAFE CLARO CUENTA CON COMPARTIMENTO PARA LIBRO DIM,70*40*40','APROBADO',2,'null','null','null',0,150.0E0,0.0E0,1.311679E0,196.75E0,12.5E0,23.85E0,125.66E0,71.09E0,1865,8,2008,'2013-12-20 10:03:56.000000',FALSE,FALSE,FALSE,FALSE,28,13,1)
COMMIT
DELETE FROM ACTIVOSFIJOS WHERE IDACTIVOFIJO='06020020400020'
INSERT INTO ACTIVOSFIJOS VALUES('06020020400020','null','2008-11-12','1.445620','SILLA DE MADERA ROBLE DE COLOR CAFE CLARO CUENTA CON COMPARTIMENTO PARA LIBRO DIM,70*40*40','APROBADO',2,'null','null','null',0,150.0E0,0.0E0,1.311679E0,196.75E0,12.5E0,23.85E0,125.66E0,71.09E0,1865,8,2008,'2013-12-20 10:03:56.000000',FALSE,FALSE,FALSE,FALSE,28,13,1)
COMMIT
DELETE FROM ACTIVOSFIJOS WHERE IDACTIVOFIJO='06020020400021'
INSERT INTO ACTIVOSFIJOS VALUES('06020020400021','null','2009-11-11','1.536250','MESA MEDIA HEXAGONAL DE MADERA ROBLE DE COLOR CAFE CLARO DIM:74*120*55','APROBADO',2,'null','null','null',0,410.0E0,0.0E0,1.234298E0,506.06E0,12.5E0,61.35E0,260.14E0,245.92E0,1501,8,2009,'2013-12-20 10:03:56.000000',FALSE,FALSE,FALSE,FALSE,29,13,1)
COMMIT
DELETE FROM ACTIVOSFIJOS WHERE IDACTIVOFIJO='06020020400022'
INSERT INTO ACTIVOSFIJOS VALUES('06020020400022','null','2009-11-11','1.536250','MESA MEDIA HEXAGONAL DE MADERA ROBLE DE COLOR CAFE CLARO DIM:74*120*55','APROBADO',2,'null','null','null',0,410.0E0,0.0E0,1.234298E0,506.06E0,12.5E0,61.35E0,260.14E0,245.92E0,1501,8,2009,'2013-12-20 10:03:56.000000',FALSE,FALSE,FALSE,FALSE,29,13,1)
COMMIT
DELETE FROM ACTIVOSFIJOS WHERE IDACTIVOFIJO='06020020400023'
INSERT INTO ACTIVOSFIJOS VALUES('06020020400023','null','2009-11-11','1.536250','MESA MEDIA HEXAGONAL DE MADERA ROBLE DE COLOR CAFE CLARO DIM:74*120*55','APROBADO',2,'null','null','null',0,410.0E0,0.0E0,1.234298E0,506.06E0,12.5E0,61.35E0,260.14E0,245.92E0,1501,8,2009,'2013-12-20 10:03:56.000000',FALSE,FALSE,FALSE,FALSE,29,13,1)
COMMIT
DELETE FROM ACTIVOSFIJOS WHERE IDACTIVOFIJO='06020020400024'
INSERT INTO ACTIVOSFIJOS VALUES('06020020400024','null','2009-11-11','1.536250','MESA MEDIA HEXAGONAL DE MADERA ROBLE DE COLOR CAFE CLARO DIM:74*120*55','APROBADO',2,'null','null','null',0,410.0E0,0.0E0,1.234298E0,506.06E0,12.5E0,61.35E0,260.14E0,245.92E0,1501,8,2009,'2013-12-20 10:03:56.000000',FALSE,FALSE,FALSE,FALSE,29,13,1)
COMMIT
DELETE FROM ACTIVOSFIJOS WHERE IDACTIVOFIJO='06020020400025'
INSERT INTO ACTIVOSFIJOS VALUES('06020020400025','null','2009-11-11','1.536250','MESA MEDIA HEXAGONAL DE MADERA ROBLE DE COLOR CAFE CLARO DIM:74*120*55','APROBADO',2,'null','null','null',0,410.0E0,0.0E0,1.234298E0,506.06E0,12.5E0,61.35E0,260.14E0,245.92E0,1501,8,2009,'2013-12-20 10:03:56.000000',FALSE,FALSE,FALSE,FALSE,29,13,1)
COMMIT
DELETE FROM ACTIVOSFIJOS WHERE IDACTIVOFIJO='06020020400026'
INSERT INTO ACTIVOSFIJOS VALUES('06020020400026','null','2009-11-11','1.536250','MESA MEDIA HEXAGONAL DE MADERA ROBLE DE COLOR CAFE CLARO DIM:74*120*55','APROBADO',2,'null','null','null',0,410.0E0,0.0E0,1.234298E0,506.06E0,12.5E0,61.35E0,260.14E0,245.92E0,1501,8,2009,'2013-12-20 10:03:56.000000',FALSE,FALSE,FALSE,FALSE,29,13,1)
COMMIT
DELETE FROM ACTIVOSFIJOS WHERE IDACTIVOFIJO='06020020400027'
INSERT INTO ACTIVOSFIJOS VALUES('06020020400027','null','2009-11-11','1.536250','MESA MEDIA HEXAGONAL DE MADERA ROBLE DE COLOR CAFE CLARO DIM:74*120*55','APROBADO',2,'null','null','null',0,410.0E0,0.0E0,1.234298E0,506.06E0,12.5E0,61.35E0,260.14E0,245.92E0,1501,8,2009,'2013-12-20 10:03:56.000000',FALSE,FALSE,FALSE,FALSE,29,13,1)
COMMIT
DELETE FROM ACTIVOSFIJOS WHERE IDACTIVOFIJO='06020020400028'
INSERT INTO ACTIVOSFIJOS VALUES('06020020400028','null','2009-11-11','1.536250','MESA MEDIA HEXAGONAL DE MADERA ROBLE DE COLOR CAFE CLARO DIM:74*120*55','APROBADO',2,'null','null','null',0,410.0E0,0.0E0,1.234298E0,506.06E0,12.5E0,61.35E0,260.14E0,245.92E0,1501,8,2009,'2013-12-20 10:03:56.000000',FALSE,FALSE,FALSE,FALSE,29,13,1)
COMMIT
DELETE FROM ACTIVOSFIJOS WHERE IDACTIVOFIJO='06020020400029'
INSERT INTO ACTIVOSFIJOS VALUES('06020020400029','null','2009-11-11','1.536250','MESA MEDIA HEXAGONAL DE MADERA ROBLE DE COLOR CAFE CLARO DIM:74*120*55','APROBADO',2,'null','null','null',0,410.0E0,0.0E0,1.234298E0,506.06E0,12.5E0,61.35E0,260.14E0,245.92E0,1501,8,2009,'2013-12-20 10:03:56.000000',FALSE,FALSE,FALSE,FALSE,29,13,1)
COMMIT
DELETE FROM ACTIVOSFIJOS WHERE IDACTIVOFIJO='06020020400030'
INSERT INTO ACTIVOSFIJOS VALUES('06020020400030','null','2008-06-21','1.367320','PIZARRA ACRILICA CON MARCO DE ALUMINIO DIM:125*204','APROBADO',2,'null','null','null',0,595.0E0,0.0E0,1.386793E0,825.14E0,12.5E0,100.03E0,567.71E0,257.43E0,2009,8,2008,'2013-12-20 10:03:56.000000',FALSE,FALSE,FALSE,FALSE,30,13,1)
COMMIT
DELETE FROM ACTIVOSFIJOS WHERE IDACTIVOFIJO='06020020400031'
INSERT INTO ACTIVOSFIJOS VALUES('06020020400031','null','2008-06-21','1.367320','PIZARRA ACRILICA CON MARCO DE ALUMINIO DIM:125*204','APROBADO',2,'null','null','null',0,595.0E0,0.0E0,1.386793E0,825.14E0,12.5E0,100.03E0,567.71E0,257.43E0,2009,8,2008,'2013-12-20 10:03:56.000000',FALSE,FALSE,FALSE,FALSE,30,13,1)
COMMIT
DELETE FROM ACTIVOSFIJOS WHERE IDACTIVOFIJO='06020020500001'
INSERT INTO ACTIVOSFIJOS VALUES('06020020500001','null','2008-11-12','1.445620','SILLA DE MADERA ROBLE DE COLOR CAFE CLARO CUENTA CON COMPARTIMENTO PARA LIBRO DIM:70*40*40','APROBADO',2,'null','null','null',0,150.0E0,0.0E0,1.311679E0,196.75E0,12.5E0,23.85E0,125.66E0,71.09E0,1865,8,2008,'2013-12-20 10:03:56.000000',FALSE,FALSE,FALSE,FALSE,28,14,1)
COMMIT
DELETE FROM ACTIVOSFIJOS WHERE IDACTIVOFIJO='06020020500002'
INSERT INTO ACTIVOSFIJOS VALUES('06020020500002','null','2008-11-12','1.445620','SILLA DE MADERA ROBLE DE COLOR CAFE CLARO CUENTA CON COMPARTIMENTO PARA LIBRO DIM:70*40*40','APROBADO',2,'null','null','null',0,150.0E0,0.0E0,1.311679E0,196.75E0,12.5E0,23.85E0,125.66E0,71.09E0,1865,8,2008,'2013-12-20 10:03:56.000000',FALSE,FALSE,FALSE,FALSE,28,14,1)
COMMIT
DELETE FROM ACTIVOSFIJOS WHERE IDACTIVOFIJO='06020020500003'
INSERT INTO ACTIVOSFIJOS VALUES('06020020500003','null','2008-11-12','1.445620','SILLA DE MADERA ROBLE DE COLOR CAFE CLARO CUENTA CON COMPARTIMENTO PARA LIBRO DIM:70*40*40','APROBADO',2,'null','null','null',0,150.0E0,0.0E0,1.311679E0,196.75E0,12.5E0,23.85E0,125.66E0,71.09E0,1865,8,2008,'2013-12-20 10:03:56.000000',FALSE,FALSE,FALSE,FALSE,28,14,1)
COMMIT
DELETE FROM ACTIVOSFIJOS WHERE IDACTIVOFIJO='06020020500004'
INSERT INTO ACTIVOSFIJOS VALUES('06020020500004','null','2008-11-12','1.445620','SILLA DE MADERA ROBLE DE COLOR CAFE CLARO CUENTA CON COMPARTIMENTO PARA LIBRO DIM:70*40*40','APROBADO',2,'null','null','null',0,150.0E0,0.0E0,1.311679E0,196.75E0,12.5E0,23.85E0,125.66E0,71.09E0,1865,8,2008,'2013-12-20 10:03:56.000000',FALSE,FALSE,FALSE,FALSE,28,14,1)
COMMIT
DELETE FROM ACTIVOSFIJOS WHERE IDACTIVOFIJO='06020020500005'
INSERT INTO ACTIVOSFIJOS VALUES('06020020500005','null','2008-11-12','1.445620','SILLA DE MADERA ROBLE DE COLOR CAFE CLARO CUENTA CON COMPARTIMENTO PARA LIBRO DIM:70*40*40','APROBADO',2,'null','null','null',0,150.0E0,0.0E0,1.311679E0,196.75E0,12.5E0,23.85E0,125.66E0,71.09E0,1865,8,2008,'2013-12-20 10:03:56.000000',FALSE,FALSE,FALSE,FALSE,28,14,1)
COMMIT
DELETE FROM ACTIVOSFIJOS WHERE IDACTIVOFIJO='06020020500006'
INSERT INTO ACTIVOSFIJOS VALUES('06020020500006','null','2008-11-12','1.445620','SILLA DE MADERA ROBLE DE COLOR CAFE CLARO CUENTA CON COMPARTIMENTO PARA LIBRO DIM:70*40*40','APROBADO',2,'null','null','null',0,150.0E0,0.0E0,1.311679E0,196.75E0,12.5E0,23.85E0,125.66E0,71.09E0,1865,8,2008,'2013-12-20 10:03:56.000000',FALSE,FALSE,FALSE,FALSE,28,14,1)
COMMIT
DELETE FROM ACTIVOSFIJOS WHERE IDACTIVOFIJO='06020020500007'
INSERT INTO ACTIVOSFIJOS VALUES('06020020500007','null','2008-11-12','1.445620','SILLA DE MADERA ROBLE DE COLOR CAFE CLARO CUENTA CON COMPARTIMENTO PARA LIBRO DIM:70*40*40','APROBADO',2,'null','null','null',0,150.0E0,0.0E0,1.311679E0,196.75E0,12.5E0,23.85E0,125.66E0,71.09E0,1865,8,2008,'2013-12-20 10:03:56.000000',FALSE,FALSE,FALSE,FALSE,28,14,1)
COMMIT
DELETE FROM ACTIVOSFIJOS WHERE IDACTIVOFIJO='06020020500008'
INSERT INTO ACTIVOSFIJOS VALUES('06020020500008','null','2008-11-12','1.445620','SILLA DE MADERA ROBLE DE COLOR CAFE CLARO CUENTA CON COMPARTIMENTO PARA LIBRO DIM:70*40*40','APROBADO',2,'null','null','null',0,150.0E0,0.0E0,1.311679E0,196.75E0,12.5E0,23.85E0,125.66E0,71.09E0,1865,8,2008,'2013-12-20 10:03:56.000000',FALSE,FALSE,FALSE,FALSE,28,14,1)
COMMIT
DELETE FROM ACTIVOSFIJOS WHERE IDACTIVOFIJO='06020020500009'
INSERT INTO ACTIVOSFIJOS VALUES('06020020500009','null','2008-11-12','1.445620','SILLA DE MADERA ROBLE DE COLOR CAFE CLARO CUENTA CON COMPARTIMENTO PARA LIBRO DIM:70*40*40','APROBADO',2,'null','null','null',0,150.0E0,0.0E0,1.311679E0,196.75E0,12.5E0,23.85E0,125.66E0,71.09E0,1865,8,2008,'2013-12-20 10:03:56.000000',FALSE,FALSE,FALSE,FALSE,28,14,1)
COMMIT
DELETE FROM ACTIVOSFIJOS WHERE IDACTIVOFIJO='06020020500010'
INSERT INTO ACTIVOSFIJOS VALUES('06020020500010','null','2008-11-12','1.445620','SILLA DE MADERA ROBLE DE COLOR CAFE CLARO CUENTA CON COMPARTIMENTO PARA LIBRO DIM:70*40*40','APROBADO',2,'null','null','null',0,150.0E0,0.0E0,1.311679E0,196.75E0,12.5E0,23.85E0,125.66E0,71.09E0,1865,8,2008,'2013-12-20 10:03:56.000000',FALSE,FALSE,FALSE,FALSE,28,14,1)
COMMIT
DELETE FROM ACTIVOSFIJOS WHERE IDACTIVOFIJO='06020020500011'
INSERT INTO ACTIVOSFIJOS VALUES('06020020500011','null','2008-11-12','1.445620','SILLA DE MADERA ROBLE DE COLOR CAFE CLARO CUENTA CON COMPARTIMENTO PARA LIBRO DIM:70*40*40','APROBADO',2,'null','null','null',0,150.0E0,0.0E0,1.311679E0,196.75E0,12.5E0,23.85E0,125.66E0,71.09E0,1865,8,2008,'2013-12-20 10:03:56.000000',FALSE,FALSE,FALSE,FALSE,28,14,1)
COMMIT
DELETE FROM ACTIVOSFIJOS WHERE IDACTIVOFIJO='06020020500012'
INSERT INTO ACTIVOSFIJOS VALUES('06020020500012','null','2008-11-12','1.445620','SILLA DE MADERA ROBLE DE COLOR CAFE CLARO CUENTA CON COMPARTIMENTO PARA LIBRO DIM:70*40*40','APROBADO',2,'null','null','null',0,150.0E0,0.0E0,1.311679E0,196.75E0,12.5E0,23.85E0,125.66E0,71.09E0,1865,8,2008,'2013-12-20 10:03:56.000000',FALSE,FALSE,FALSE,FALSE,28,14,1)
COMMIT
DELETE FROM ACTIVOSFIJOS WHERE IDACTIVOFIJO='06020020500013'
INSERT INTO ACTIVOSFIJOS VALUES('06020020500013','null','2008-11-12','1.445620','SILLA DE MADERA ROBLE DE COLOR CAFE CLARO CUENTA CON COMPARTIMENTO PARA LIBRO DIM:70*40*40','APROBADO',2,'null','null','null',0,150.0E0,0.0E0,1.311679E0,196.75E0,12.5E0,23.85E0,125.66E0,71.09E0,1865,8,2008,'2013-12-20 10:03:56.000000',FALSE,FALSE,FALSE,FALSE,28,14,1)
COMMIT
DELETE FROM ACTIVOSFIJOS WHERE IDACTIVOFIJO='06020020500014'
INSERT INTO ACTIVOSFIJOS VALUES('06020020500014','null','2008-11-12','1.445620','SILLA DE MADERA ROBLE DE COLOR CAFE CLARO CUENTA CON COMPARTIMENTO PARA LIBRO DIM:70*40*40','APROBADO',2,'null','null','null',0,150.0E0,0.0E0,1.311679E0,196.75E0,12.5E0,23.85E0,125.66E0,71.09E0,1865,8,2008,'2013-12-20 10:03:56.000000',FALSE,FALSE,FALSE,FALSE,28,14,1)
COMMIT
DELETE FROM ACTIVOSFIJOS WHERE IDACTIVOFIJO='06020020500015'
INSERT INTO ACTIVOSFIJOS VALUES('06020020500015','null','2008-11-12','1.445620','SILLA DE MADERA ROBLE DE COLOR CAFE CLARO CUENTA CON COMPARTIMENTO PARA LIBRO DIM:70*40*40','APROBADO',2,'null','null','null',0,150.0E0,0.0E0,1.311679E0,196.75E0,12.5E0,23.85E0,125.66E0,71.09E0,1865,8,2008,'2013-12-20 10:03:56.000000',FALSE,FALSE,FALSE,FALSE,28,14,1)
COMMIT
DELETE FROM ACTIVOSFIJOS WHERE IDACTIVOFIJO='06020020500016'
INSERT INTO ACTIVOSFIJOS VALUES('06020020500016','null','2008-11-12','1.445620','SILLA DE MADERA ROBLE DE COLOR CAFE CLARO CUENTA CON COMPARTIMENTO PARA LIBRO DIM:70*40*40','APROBADO',2,'null','null','null',0,150.0E0,0.0E0,1.311679E0,196.75E0,12.5E0,23.85E0,125.66E0,71.09E0,1865,8,2008,'2013-12-20 10:03:56.000000',FALSE,FALSE,FALSE,FALSE,28,14,1)
COMMIT
DELETE FROM ACTIVOSFIJOS WHERE IDACTIVOFIJO='06020020500017'
INSERT INTO ACTIVOSFIJOS VALUES('06020020500017','null','2008-11-12','1.445620','SILLA DE MADERA ROBLE DE COLOR CAFE CLARO CUENTA CON COMPARTIMENTO PARA LIBRO DIM:70*40*40','APROBADO',2,'null','null','null',0,150.0E0,0.0E0,1.311679E0,196.75E0,12.5E0,23.85E0,125.66E0,71.09E0,1865,8,2008,'2013-12-20 10:03:56.000000',FALSE,FALSE,FALSE,FALSE,28,14,1)
COMMIT
DELETE FROM ACTIVOSFIJOS WHERE IDACTIVOFIJO='06020020500018'
INSERT INTO ACTIVOSFIJOS VALUES('06020020500018','null','2008-11-12','1.445620','SILLA DE MADERA ROBLE DE COLOR CAFE CLARO CUENTA CON COMPARTIMENTO PARA LIBRO DIM:70*40*40','APROBADO',2,'null','null','null',0,150.0E0,0.0E0,1.311679E0,196.75E0,12.5E0,23.85E0,125.66E0,71.09E0,1865,8,2008,'2013-12-20 10:03:56.000000',FALSE,FALSE,FALSE,FALSE,28,14,1)
COMMIT
DELETE FROM ACTIVOSFIJOS WHERE IDACTIVOFIJO='06020020500019'
INSERT INTO ACTIVOSFIJOS VALUES('06020020500019','null','2008-11-12','1.445620','SILLA DE MADERA ROBLE DE COLOR CAFE CLARO CUENTA CON COMPARTIMENTO PARA LIBRO DIM:70*40*40','APROBADO',2,'null','null','null',0,150.0E0,0.0E0,1.311679E0,196.75E0,12.5E0,23.85E0,125.66E0,71.09E0,1865,8,2008,'2013-12-20 10:03:56.000000',FALSE,FALSE,FALSE,FALSE,28,14,1)
COMMIT
DELETE FROM ACTIVOSFIJOS WHERE IDACTIVOFIJO='06020020500020'
INSERT INTO ACTIVOSFIJOS VALUES('06020020500020','null','2008-11-12','1.445620','SILLA DE MADERA ROBLE DE COLOR CAFE CLARO CUENTA CON COMPARTIMENTO PARA LIBRO DIM:70*40*40','APROBADO',2,'null','null','null',0,150.0E0,0.0E0,1.311679E0,196.75E0,12.5E0,23.85E0,125.66E0,71.09E0,1865,8,2008,'2013-12-20 10:03:56.000000',FALSE,FALSE,FALSE,FALSE,28,14,1)
COMMIT
DELETE FROM ACTIVOSFIJOS WHERE IDACTIVOFIJO='06020020500021'
INSERT INTO ACTIVOSFIJOS VALUES('06020020500021','null','2008-11-12','1.445620','SILLA DE MADERA ROBLE DE COLOR CAFE CLARO CUENTA CON COMPARTIMENTO PARA LIBRO DIM:70*40*40','APROBADO',2,'null','null','null',0,150.0E0,0.0E0,1.311679E0,196.75E0,12.5E0,23.85E0,125.66E0,71.09E0,1865,8,2008,'2013-12-20 10:03:56.000000',FALSE,FALSE,FALSE,FALSE,28,14,1)
COMMIT
DELETE FROM ACTIVOSFIJOS WHERE IDACTIVOFIJO='06020020500022'
INSERT INTO ACTIVOSFIJOS VALUES('06020020500022','null','2008-11-12','1.445620','SILLA DE MADERA ROBLE DE COLOR CAFE CLARO CUENTA CON COMPARTIMENTO PARA LIBRO DIM:70*40*40','APROBADO',2,'null','null','null',0,150.0E0,0.0E0,1.311679E0,196.75E0,12.5E0,23.85E0,125.66E0,71.09E0,1865,8,2008,'2013-12-20 10:03:56.000000',FALSE,FALSE,FALSE,FALSE,28,14,1)
COMMIT
DELETE FROM ACTIVOSFIJOS WHERE IDACTIVOFIJO='06020020500023'
INSERT INTO ACTIVOSFIJOS VALUES('06020020500023','null','2008-11-12','1.445620','SILLA DE MADERA ROBLE DE COLOR CAFE CLARO CUENTA CON COMPARTIMENTO PARA LIBRO DIM:70*40*40','APROBADO',2,'null','null','null',0,150.0E0,0.0E0,1.311679E0,196.75E0,12.5E0,23.85E0,125.66E0,71.09E0,1865,8,2008,'2013-12-20 10:03:56.000000',FALSE,FALSE,FALSE,FALSE,28,14,1)
COMMIT
DELETE FROM ACTIVOSFIJOS WHERE IDACTIVOFIJO='06020020500024'
INSERT INTO ACTIVOSFIJOS VALUES('06020020500024','null','2008-11-12','1.445620','SILLA DE MADERA ROBLE DE COLOR CAFE CLARO CUENTA CON COMPARTIMENTO PARA LIBRO DIM:70*40*40','APROBADO',2,'null','null','null',0,150.0E0,0.0E0,1.311679E0,196.75E0,12.5E0,23.85E0,125.66E0,71.09E0,1865,8,2008,'2013-12-20 10:03:56.000000',FALSE,FALSE,FALSE,FALSE,28,14,1)
COMMIT
DELETE FROM ACTIVOSFIJOS WHERE IDACTIVOFIJO='06020020500025'
INSERT INTO ACTIVOSFIJOS VALUES('06020020500025','null','2009-11-11','1.536250','MESA MEDIA HEXAGONAL DE MADERA ROBLE DE COLOR CAFE CLARO DIM:74*120*55','APROBADO',2,'null','null','null',0,410.0E0,0.0E0,1.234298E0,506.06E0,12.5E0,61.35E0,260.14E0,245.92E0,1501,8,2009,'2013-12-20 10:03:56.000000',FALSE,FALSE,FALSE,FALSE,29,14,1)
COMMIT
DELETE FROM ACTIVOSFIJOS WHERE IDACTIVOFIJO='06020020500026'
INSERT INTO ACTIVOSFIJOS VALUES('06020020500026','null','2009-11-11','1.536250','MESA MEDIA HEXAGONAL DE MADERA ROBLE DE COLOR CAFE CLARO DIM:74*120*55','APROBADO',2,'null','null','null',0,410.0E0,0.0E0,1.234298E0,506.06E0,12.5E0,61.35E0,260.14E0,245.92E0,1501,8,2009,'2013-12-20 10:03:56.000000',FALSE,FALSE,FALSE,FALSE,29,14,1)
COMMIT
DELETE FROM ACTIVOSFIJOS WHERE IDACTIVOFIJO='06020020500027'
INSERT INTO ACTIVOSFIJOS VALUES('06020020500027','null','2009-11-11','1.536250','MESA MEDIA HEXAGONAL DE MADERA ROBLE DE COLOR CAFE CLARO DIM:74*120*55','APROBADO',2,'null','null','null',0,410.0E0,0.0E0,1.234298E0,506.06E0,12.5E0,61.35E0,260.14E0,245.92E0,1501,8,2009,'2013-12-20 10:03:56.000000',FALSE,FALSE,FALSE,FALSE,29,14,1)
COMMIT
DELETE FROM ACTIVOSFIJOS WHERE IDACTIVOFIJO='06020020500028'
INSERT INTO ACTIVOSFIJOS VALUES('06020020500028','null','2009-11-11','1.536250','MESA MEDIA HEXAGONAL DE MADERA ROBLE DE COLOR CAFE CLARO DIM:74*120*55','APROBADO',2,'null','null','null',0,410.0E0,0.0E0,1.234298E0,506.06E0,12.5E0,61.35E0,260.14E0,245.92E0,1501,8,2009,'2013-12-20 10:03:56.000000',FALSE,FALSE,FALSE,FALSE,29,14,1)
COMMIT
DELETE FROM ACTIVOSFIJOS WHERE IDACTIVOFIJO='06020020500029'
INSERT INTO ACTIVOSFIJOS VALUES('06020020500029','null','2009-11-11','1.536250','MESA MEDIA HEXAGONAL DE MADERA ROBLE DE COLOR CAFE CLARO DIM:74*120*55','APROBADO',2,'null','null','null',0,410.0E0,0.0E0,1.234298E0,506.06E0,12.5E0,61.35E0,260.14E0,245.92E0,1501,8,2009,'2013-12-20 10:03:56.000000',FALSE,FALSE,FALSE,FALSE,29,14,1)
COMMIT
DELETE FROM ACTIVOSFIJOS WHERE IDACTIVOFIJO='06020020500030'
INSERT INTO ACTIVOSFIJOS VALUES('06020020500030','null','2009-11-11','1.536250','MESA MEDIA HEXAGONAL DE MADERA ROBLE DE COLOR CAFE CLARO DIM:74*120*55','APROBADO',2,'null','null','null',0,410.0E0,0.0E0,1.234298E0,506.06E0,12.5E0,61.35E0,260.14E0,245.92E0,1501,8,2009,'2013-12-20 10:03:56.000000',FALSE,FALSE,FALSE,FALSE,29,14,1)
COMMIT
DELETE FROM ACTIVOSFIJOS WHERE IDACTIVOFIJO='06020020500031'
INSERT INTO ACTIVOSFIJOS VALUES('06020020500031','null','2009-11-11','1.536250','MESA MEDIA HEXAGONAL DE MADERA ROBLE DE COLOR CAFE CLARO DIM:74*120*55','APROBADO',2,'null','null','null',0,410.0E0,0.0E0,1.234298E0,506.06E0,12.5E0,61.35E0,260.14E0,245.92E0,1501,8,2009,'2013-12-20 10:03:56.000000',FALSE,FALSE,FALSE,FALSE,29,14,1)
COMMIT
DELETE FROM ACTIVOSFIJOS WHERE IDACTIVOFIJO='06020020500032'
INSERT INTO ACTIVOSFIJOS VALUES('06020020500032','null','2009-11-11','1.536250','MESA MEDIA HEXAGONAL DE MADERA ROBLE DE COLOR CAFE CLARO DIM:74*120*55','APROBADO',2,'null','null','null',0,410.0E0,0.0E0,1.234298E0,506.06E0,12.5E0,61.35E0,260.14E0,245.92E0,1501,8,2009,'2013-12-20 10:03:56.000000',FALSE,FALSE,FALSE,FALSE,29,14,1)
COMMIT
DELETE FROM ACTIVOSFIJOS WHERE IDACTIVOFIJO='06020020500033'
INSERT INTO ACTIVOSFIJOS VALUES('06020020500033','null','2009-11-11','1.536250','MESA MEDIA HEXAGONAL DE MADERA ROBLE DE COLOR CAFE CLARO DIM:74*120*55','APROBADO',2,'null','null','null',0,410.0E0,0.0E0,1.234298E0,506.06E0,12.5E0,61.35E0,260.14E0,245.92E0,1501,8,2009,'2013-12-20 10:03:56.000000',FALSE,FALSE,FALSE,FALSE,29,14,1)
COMMIT
DELETE FROM ACTIVOSFIJOS WHERE IDACTIVOFIJO='06020020500034'
INSERT INTO ACTIVOSFIJOS VALUES('06020020500034','null','2008-06-21','1.367320','PIZARRA ACRILICA CON MARCO DE ALUMINIO DIM:125*204','APROBADO',2,'null','null','null',0,595.0E0,0.0E0,1.386793E0,825.14E0,12.5E0,100.03E0,567.71E0,257.43E0,2009,8,2008,'2013-12-20 10:03:56.000000',FALSE,FALSE,FALSE,FALSE,30,14,1)
COMMIT
DELETE FROM ACTIVOSFIJOS WHERE IDACTIVOFIJO='06020020500035'
INSERT INTO ACTIVOSFIJOS VALUES('06020020500035','null','2013-07-01','1.844390','PIZARRA ACRILICA CON MARCO DE MADERA DIM:125*204','APROBADO',2,'null','null','null',0,140.0E0,0.0E0,1.028085E0,143.93E0,50.0E0,34.11E0,34.11E0,109.82E0,173,2,2013,'2013-12-20 10:03:56.000000',TRUE,FALSE,FALSE,FALSE,30,14,1)
COMMIT
DELETE FROM ACTIVOSFIJOS WHERE IDACTIVOFIJO='06020020600001'
INSERT INTO ACTIVOSFIJOS VALUES('06020020600001','null','2013-07-01','1.844390','SILLA DE MADER PINO DE COLOR AZUL DIM:62*32*32','APROBADO',2,'null','null','null',0,30.0E0,0.0E0,1.028085E0,30.84E0,50.0E0,7.31E0,7.31E0,23.53E0,173,2,2013,'2013-12-20 10:03:56.000000',TRUE,FALSE,FALSE,FALSE,28,15,1)
COMMIT
DELETE FROM ACTIVOSFIJOS WHERE IDACTIVOFIJO='06020020600002'
INSERT INTO ACTIVOSFIJOS VALUES('06020020600002','null','2013-07-01','1.844390','SILLA DE MADER PINO DE COLOR AZUL DIM:62*32*32','APROBADO',2,'null','null','null',0,30.0E0,0.0E0,1.028085E0,30.84E0,50.0E0,7.31E0,7.31E0,23.53E0,173,2,2013,'2013-12-20 10:03:56.000000',TRUE,FALSE,FALSE,FALSE,28,15,1)
COMMIT
DELETE FROM ACTIVOSFIJOS WHERE IDACTIVOFIJO='06020020600003'
INSERT INTO ACTIVOSFIJOS VALUES('06020020600003','null','2013-07-01','1.844390','SILLA DE MADER PINO DE COLOR AZUL DIM:62*32*32','APROBADO',2,'null','null','null',0,30.0E0,0.0E0,1.028085E0,30.84E0,50.0E0,7.31E0,7.31E0,23.53E0,173,2,2013,'2013-12-20 10:03:56.000000',TRUE,FALSE,FALSE,FALSE,28,15,1)
COMMIT
DELETE FROM ACTIVOSFIJOS WHERE IDACTIVOFIJO='06020020600004'
INSERT INTO ACTIVOSFIJOS VALUES('06020020600004','null','2013-07-01','1.844390','SILLA DE MADER PINO DE COLOR AZUL DIM:62*32*32','APROBADO',2,'null','null','null',0,30.0E0,0.0E0,1.028085E0,30.84E0,50.0E0,7.31E0,7.31E0,23.53E0,173,2,2013,'2013-12-20 10:03:56.000000',TRUE,FALSE,FALSE,FALSE,28,15,1)
COMMIT
DELETE FROM ACTIVOSFIJOS WHERE IDACTIVOFIJO='06020020600005'
INSERT INTO ACTIVOSFIJOS VALUES('06020020600005','null','2013-07-01','1.844390','SILLA DE MADER PINO DE COLOR AMARILLO DIM:62*32*32','APROBADO',2,'null','null','null',0,30.0E0,0.0E0,1.028085E0,30.84E0,50.0E0,7.31E0,7.31E0,23.53E0,173,2,2013,'2013-12-20 10:03:56.000000',TRUE,FALSE,FALSE,FALSE,28,15,1)
COMMIT
DELETE FROM ACTIVOSFIJOS WHERE IDACTIVOFIJO='06020020600006'
INSERT INTO ACTIVOSFIJOS VALUES('06020020600006','null','2013-07-01','1.844390','SILLA DE MADER PINO DE COLOR AMARILLO DIM:62*32*32','APROBADO',2,'null','null','null',0,30.0E0,0.0E0,1.028085E0,30.84E0,50.0E0,7.31E0,7.31E0,23.53E0,173,2,2013,'2013-12-20 10:03:56.000000',TRUE,FALSE,FALSE,FALSE,28,15,1)
COMMIT
DELETE FROM ACTIVOSFIJOS WHERE IDACTIVOFIJO='06020020600007'
INSERT INTO ACTIVOSFIJOS VALUES('06020020600007','null','2013-07-01','1.844390','SILLA DE MADER PINO DE COLOR AMARILLO DIM:62*32*32','APROBADO',2,'null','null','null',0,30.0E0,0.0E0,1.028085E0,30.84E0,50.0E0,7.31E0,7.31E0,23.53E0,173,2,2013,'2013-12-20 10:03:56.000000',TRUE,FALSE,FALSE,FALSE,28,15,1)
COMMIT
DELETE FROM ACTIVOSFIJOS WHERE IDACTIVOFIJO='06020020600008'
INSERT INTO ACTIVOSFIJOS VALUES('06020020600008','null','2013-07-01','1.844390','SILLA DE MADER PINO DE COLOR ROJA DIM:62*32*32','APROBADO',2,'null','null','null',0,30.0E0,0.0E0,1.028085E0,30.84E0,50.0E0,7.31E0,7.31E0,23.53E0,173,2,2013,'2013-12-20 10:03:56.000000',TRUE,FALSE,FALSE,FALSE,28,15,1)
COMMIT
DELETE FROM ACTIVOSFIJOS WHERE IDACTIVOFIJO='06020020600009'
INSERT INTO ACTIVOSFIJOS VALUES('06020020600009','null','2013-07-01','1.844390','MESA CIRDULAR DE MADERA PINO CON TAPA DE MADERA PRENSADA  DE COLOR ROJO DIM:62*104 DIAMETRO','APROBADO',2,'null','null','null',0,53.0E0,0.0E0,1.028085E0,54.49E0,50.0E0,12.91E0,12.91E0,41.58E0,173,2,2013,'2013-12-20 10:03:56.000000',TRUE,FALSE,FALSE,FALSE,29,15,1)
COMMIT
DELETE FROM ACTIVOSFIJOS WHERE IDACTIVOFIJO='06020020600010'
INSERT INTO ACTIVOSFIJOS VALUES('06020020600010','null','2013-07-01','1.844390','MESA CIRCULAR DE MADERA PINO CON TAPA DE MADERA PRENSADA  DE COLOR AZUL DIM:62*104 DIAMETRO','APROBADO',2,'null','null','null',0,52.0E0,0.0E0,1.028085E0,53.46E0,50.0E0,12.67E0,12.67E0,40.79E0,173,2,2013,'2013-12-20 10:03:56.000000',TRUE,FALSE,FALSE,FALSE,29,15,1)
COMMIT
DELETE FROM ACTIVOSFIJOS WHERE IDACTIVOFIJO='06020020600011'
INSERT INTO ACTIVOSFIJOS VALUES('06020020600011','null','2008-06-21','1.367320','PIZARRA ACRILICA CON MARCO DE MADERA DIM:123*245','APROBADO',2,'null','null','null',0,595.0E0,0.0E0,1.386793E0,825.14E0,12.5E0,100.03E0,567.71E0,257.43E0,2009,8,2008,'2013-12-20 10:03:56.000000',FALSE,FALSE,FALSE,FALSE,30,15,1)
COMMIT
DELETE FROM ACTIVOSFIJOS WHERE IDACTIVOFIJO='06020020600012'
INSERT INTO ACTIVOSFIJOS VALUES('06020020600012','null','2013-07-01','1.844390','PIZARRA PARA TIZA CON MARCO DE MADERA DIM:133*255','APROBADO',2,'null','null','null',0,140.0E0,0.0E0,1.028085E0,143.93E0,50.0E0,34.11E0,34.11E0,109.82E0,173,2,2013,'2013-12-20 10:03:56.000000',TRUE,FALSE,FALSE,FALSE,30,15,1)
COMMIT
DELETE FROM ACTIVOSFIJOS WHERE IDACTIVOFIJO='24020020300001'
INSERT INTO ACTIVOSFIJOS VALUES('24020020300001','null','2004-03-02','1.047640','INVERSOR DE ENERGIA MARCA XPOWER MOD.400PLUS','APROBADO',2,'null','null','null',0,817.0E0,0.0E0,1.809963E0,1478.74E0,10.0E0,143.42E0,1450.79E0,27.95E0,3581,10,2004,'2013-12-20 10:03:56.000000',FALSE,FALSE,FALSE,FALSE,36,12,1)
COMMIT
DELETE FROM ACTIVOSFIJOS WHERE IDACTIVOFIJO='24020020300002'
INSERT INTO ACTIVOSFIJOS VALUES('24020020300002','null','2004-03-02','1.047640','PLAQUETA REGULADORA DE ENERGIA MARCA ISOLER20 DE COLOR AZUL','APROBADO',2,'null','null','null',0,450.0E0,0.0E0,1.809963E0,814.48E0,10.0E0,78.99E0,799.08E0,15.4E0,3581,10,2004,'2013-12-20 10:03:56.000000',FALSE,FALSE,FALSE,FALSE,37,12,1)
COMMIT
DELETE FROM ACTIVOSFIJOS WHERE IDACTIVOFIJO='24020020300003'
INSERT INTO ACTIVOSFIJOS VALUES('24020020300003','null','2013-07-01','1.844390','PANEL SOLAR','APROBADO',2,'null','null','null',0,603.0E0,0.0E0,1.028085E0,619.94E0,33.33E0,97.94E0,97.94E0,522.0E0,173,3,2013,'2013-12-20 10:03:56.000000',TRUE,FALSE,FALSE,FALSE,38,12,1)
COMMIT
DELETE FROM ACTIVOSFIJOS WHERE IDACTIVOFIJO='24020020300004'
INSERT INTO ACTIVOSFIJOS VALUES('24020020300004','null','2013-07-01','1.844390','PANEL SOLAR','APROBADO',2,'null','null','null',0,603.0E0,0.0E0,1.028085E0,619.94E0,33.33E0,97.94E0,97.94E0,522.0E0,173,3,2013,'2013-12-20 10:03:56.000000',TRUE,FALSE,FALSE,FALSE,38,12,1)
COMMIT
DELETE FROM ACTIVOSFIJOS WHERE IDACTIVOFIJO='34020020800001'
INSERT INTO ACTIVOSFIJOS VALUES('34020020800001','null','2013-06-30','1.844160','TERRENO EDIFICIO UNIDAD EDUCATIVA CORRALON','APROBADO',2,'null','null','null',0,114573.84E0,0.0E0,1.028213E0,117806.36E0,0.0E0,0.0E0,0.0E0,117806.36E0,174,0,2013,'2013-12-20 10:03:56.000000',FALSE,FALSE,FALSE,FALSE,40,17,1)
COMMIT
DELETE FROM ACTIVOSFIJOS WHERE IDACTIVOFIJO='34020020800002'
INSERT INTO ACTIVOSFIJOS VALUES('34020020800002','null','2013-06-30','1.844160','TERRENO HUERTO 1 UNIDAD EDUCATIVA CORRALON','APROBADO',2,'null','null','null',0,94.54E0,0.0E0,1.028213E0,97.21E0,0.0E0,0.0E0,0.0E0,97.21E0,174,0,2013,'2013-12-20 10:03:56.000000',FALSE,FALSE,FALSE,FALSE,40,17,1)
COMMIT
DELETE FROM ACTIVOSFIJOS WHERE IDACTIVOFIJO='34020020800003'
INSERT INTO ACTIVOSFIJOS VALUES('34020020800003','null','2013-06-30','1.844160','TERRENO HUERTO 2 UNIDAD EDUCATIVA CORRALON','APROBADO',2,'null','null','null',0,17094.03E0,0.0E0,1.028213E0,17576.31E0,0.0E0,0.0E0,0.0E0,17576.31E0,174,0,2013,'2013-12-20 10:03:56.000000',FALSE,FALSE,FALSE,FALSE,40,17,1)
COMMIT
DELETE FROM ACTIVOSFIJOS WHERE IDACTIVOFIJO='01020620100001'
INSERT INTO ACTIVOSFIJOS VALUES('01020620100001','null','2013-07-01','1.844390','EDIFICIO CENTRO PAN PASOPAYA','APROBADO',2,'null','null','null',0,85176.44E0,0.0E0,1.028085E0,87568.63E0,2.94E0,1220.74E0,1220.74E0,86347.89E0,173,34,2013,'2013-12-20 10:04:10.000000',TRUE,FALSE,FALSE,FALSE,1249,481,1)
COMMIT
DELETE FROM ACTIVOSFIJOS WHERE IDACTIVOFIJO='34020620200001'
INSERT INTO ACTIVOSFIJOS VALUES('34020620200001','null','2013-06-30','1.844160','TERRENO CENTRO PAN PASOPAYA','APROBADO',2,'null','null','null',0,1659.22E0,0.0E0,1.028213E0,1706.03E0,0.0E0,0.0E0,0.0E0,1706.03E0,174,0,2013,'2013-12-20 10:04:10.000000',FALSE,FALSE,FALSE,FALSE,1250,482,1)
COMMIT
