/*C3*/SET SCHEMA PUBLIC
DELETE FROM ACTIVOSFIJOS WHERE IDACTIVOFIJO='01030320900001'
INSERT INTO ACTIVOSFIJOS VALUES('01030320900001','null','2013-06-30','1.844160','EDIFICIO CENTRO DE SALUD VIRGEN DEL ROSARIO DE HUAYLLAPAMPA ALTA','APROBADO',2,'null','null','null',0,322401.78E0,0.0E0,0.0E0,0.0E0,2.5E0,0.0E0,0.0E0,0.0E0,1292,40,2013,'2017-01-11 17:19:08.000000',FALSE,FALSE,FALSE,FALSE,752,260,1)
COMMIT
DELETE FROM ACTIVOSFIJOS WHERE IDACTIVOFIJO='02030320100001'
INSERT INTO ACTIVOSFIJOS VALUES('02030320100001','null','2005-02-12','1.091980','ESCRITORIO METALICO DE COLOR PLOMO CUENTA CON FORRO DE CUERINA NEGRO CUENTA CON 1 CAJON CENTRAL Y 3 CAJONES LATERALES DIM:72*180*23','APROBADO',2,'null','null','null',0,2820.0E0,0.0E0,0.0E0,0.0E0,10.0E0,0.0E0,-1.0E0,1.0E0,3652,10,2005,'2017-01-11 17:19:08.000000',FALSE,FALSE,FALSE,FALSE,720,252,1)
COMMIT
DELETE FROM ACTIVOSFIJOS WHERE IDACTIVOFIJO='02030320100002'
INSERT INTO ACTIVOSFIJOS VALUES('02030320100002','null','2010-08-01','1.543710','SILLA DE MADERA ROBLE DE COLOR CAFE CLARO DIM:89*42*40','APROBADO',2,'null','null','null',0,190.0E0,0.0E0,0.0E0,0.0E0,10.0E0,0.0E0,0.0E0,0.0E0,2356,10,2010,'2017-01-11 17:19:08.000000',FALSE,FALSE,FALSE,FALSE,721,252,1)
COMMIT
DELETE FROM ACTIVOSFIJOS WHERE IDACTIVOFIJO='02030320100003'
INSERT INTO ACTIVOSFIJOS VALUES('02030320100003','null','2010-08-01','1.543710','SILLA DE MADERA ROBLE DE COLOR CAFE CLARO DIM:89*42*40','APROBADO',2,'null','null','null',0,190.0E0,0.0E0,0.0E0,0.0E0,10.0E0,0.0E0,0.0E0,0.0E0,2356,10,2010,'2017-01-11 17:19:08.000000',FALSE,FALSE,FALSE,FALSE,721,252,1)
COMMIT
DELETE FROM ACTIVOSFIJOS WHERE IDACTIVOFIJO='02030320100004'
INSERT INTO ACTIVOSFIJOS VALUES('02030320100004','null','2004-07-14','1.063940','GABETERO METALICO DE COLOR PLOMO CUENTA CON 3 DIVISIONES HORIZONTALES DIM:64*49*37','APROBADO',2,'null','null','null',0,470.0E0,0.0E0,0.0E0,0.0E0,10.0E0,0.0E0,-1.0E0,1.0E0,3652,10,2004,'2017-01-11 17:19:08.000000',FALSE,FALSE,FALSE,FALSE,722,252,1)
COMMIT
DELETE FROM ACTIVOSFIJOS WHERE IDACTIVOFIJO='02030320200001'
INSERT INTO ACTIVOSFIJOS VALUES('02030320200001','null','2005-02-14','1.092330','ESTANTE METALICO DE COLOR PLOMO CUENTA CON 5 DIVISIONES HORIZONTALES DIM:200*100*50','APROBADO',2,'null','null','null',0,570.0E0,0.0E0,0.0E0,0.0E0,10.0E0,0.0E0,-1.0E0,1.0E0,3652,10,2005,'2017-01-11 17:19:08.000000',FALSE,FALSE,FALSE,FALSE,729,253,1)
COMMIT
DELETE FROM ACTIVOSFIJOS WHERE IDACTIVOFIJO='02030320200002'
INSERT INTO ACTIVOSFIJOS VALUES('02030320200002','null','2010-08-01','1.543710','SILLA DE MADERA ROBLE DE COLOR CAFE CLARO DIM:89*42*40','APROBADO',2,'null','null','null',0,190.0E0,0.0E0,0.0E0,0.0E0,10.0E0,0.0E0,0.0E0,0.0E0,2356,10,2010,'2017-01-11 17:19:08.000000',FALSE,FALSE,FALSE,FALSE,721,253,1)
COMMIT
DELETE FROM ACTIVOSFIJOS WHERE IDACTIVOFIJO='02030320200003'
INSERT INTO ACTIVOSFIJOS VALUES('02030320200003','null','2010-08-01','1.543710','SILLA DE MADERA ROBLE DE COLOR CAFE CLARO DIM:89*42*40','APROBADO',2,'null','null','null',0,190.0E0,0.0E0,0.0E0,0.0E0,10.0E0,0.0E0,0.0E0,0.0E0,2356,10,2010,'2017-01-11 17:19:08.000000',FALSE,FALSE,FALSE,FALSE,721,253,1)
COMMIT
DELETE FROM ACTIVOSFIJOS WHERE IDACTIVOFIJO='02030320200004'
INSERT INTO ACTIVOSFIJOS VALUES('02030320200004','null','2006-02-15','1.151040','TARIMA DE MADERA ROBLE DE COLOR CAFE CLARO DIM:43*123*100','APROBADO',2,'null','null','null',0,570.0E0,0.0E0,0.0E0,0.0E0,10.0E0,0.0E0,-1.0E0,1.0E0,3652,10,2006,'2017-01-11 17:19:08.000000',FALSE,FALSE,FALSE,FALSE,730,253,1)
COMMIT
DELETE FROM ACTIVOSFIJOS WHERE IDACTIVOFIJO='02030320300001'
INSERT INTO ACTIVOSFIJOS VALUES('02030320300001','null','2010-03-12','1.538070','BANQUETA DE MADERA ROBLE DE COLOR CAFE CLARO DIM:90*155*46','APROBADO',2,'null','null','null',0,520.0E0,0.0E0,0.0E0,0.0E0,10.0E0,0.0E0,0.0E0,0.0E0,2498,10,2010,'2017-01-11 17:19:08.000000',FALSE,FALSE,FALSE,FALSE,731,254,1)
COMMIT
DELETE FROM ACTIVOSFIJOS WHERE IDACTIVOFIJO='02030320300002'
INSERT INTO ACTIVOSFIJOS VALUES('02030320300002','null','2010-03-12','1.538070','BANQUETA DE MADERA ROBLE DE COLOR CAFE CLARO DIM:90*155*46','APROBADO',2,'null','null','null',0,520.0E0,0.0E0,0.0E0,0.0E0,10.0E0,0.0E0,0.0E0,0.0E0,2498,10,2010,'2017-01-11 17:19:08.000000',FALSE,FALSE,FALSE,FALSE,731,254,1)
COMMIT
DELETE FROM ACTIVOSFIJOS WHERE IDACTIVOFIJO='02030320300003'
INSERT INTO ACTIVOSFIJOS VALUES('02030320300003','null','2010-04-12','1.538420','MESA DE MADERA ROBLE DE COLOR CAFE CLARO DIM:83*152*102','APROBADO',2,'null','null','null',0,580.0E0,0.0E0,0.0E0,0.0E0,10.0E0,0.0E0,0.0E0,0.0E0,2467,10,2010,'2017-01-11 17:19:08.000000',FALSE,FALSE,FALSE,FALSE,732,254,1)
COMMIT
DELETE FROM ACTIVOSFIJOS WHERE IDACTIVOFIJO='02030320300004'
INSERT INTO ACTIVOSFIJOS VALUES('02030320300004','null','2005-07-15','1.116900','GABETERO METALICO DE COLOR PLOMO CUENTA CON 4 CAJONES DIM:140*67*50','APROBADO',2,'null','null','null',0,620.0E0,0.0E0,0.0E0,0.0E0,10.0E0,0.0E0,-1.0E0,1.0E0,3652,10,2005,'2017-01-11 17:19:08.000000',FALSE,FALSE,FALSE,FALSE,722,254,1)
COMMIT
DELETE FROM ACTIVOSFIJOS WHERE IDACTIVOFIJO='02030320400001'
INSERT INTO ACTIVOSFIJOS VALUES('02030320400001','null','2005-02-14','1.092330','VITRINA METALICA DE COLOR PLOMO CUENTA CON 3 DIVISIONES HORIZONTALES Y 2 CAJONES INFERIORES DIM:180*100*43','APROBADO',2,'null','null','null',0,1600.0E0,0.0E0,0.0E0,0.0E0,10.0E0,0.0E0,-1.0E0,1.0E0,3652,10,2005,'2017-01-11 17:19:08.000000',FALSE,FALSE,FALSE,FALSE,736,255,1)
COMMIT
DELETE FROM ACTIVOSFIJOS WHERE IDACTIVOFIJO='02030320400002'
INSERT INTO ACTIVOSFIJOS VALUES('02030320400002','null','2010-06-15','1.541110','VITRINA METALICA DE COLOR PLOMO CUENTA CON 3 DIVISIONES HORIZONTALES Y 2 CAJONES INFERIORES DIM:180*120*43','APROBADO',2,'null','null','null',0,3460.0E0,0.0E0,0.0E0,0.0E0,10.0E0,0.0E0,0.0E0,0.0E0,2403,10,2010,'2017-01-11 17:19:08.000000',FALSE,FALSE,FALSE,FALSE,736,255,1)
COMMIT
DELETE FROM ACTIVOSFIJOS WHERE IDACTIVOFIJO='02030320400003'
INSERT INTO ACTIVOSFIJOS VALUES('02030320400003','null','2005-08-02','1.120260','ESCRITORIO DE MADERA ROBLE DE COLOR CAFE CLARO CUENTA CON 3 CAJONES LATERALES DIM:75*103*62','APROBADO',2,'null','null','null',0,1100.0E0,0.0E0,0.0E0,0.0E0,10.0E0,0.0E0,-1.0E0,1.0E0,3652,10,2005,'2017-01-11 17:19:08.000000',FALSE,FALSE,FALSE,FALSE,720,255,1)
COMMIT
DELETE FROM ACTIVOSFIJOS WHERE IDACTIVOFIJO='02030320600001'
INSERT INTO ACTIVOSFIJOS VALUES('02030320600001','null','2010-04-12','1.538420','BANQUETA DE MADERA ROBLE DE COLOR CAFE CLARO DIM:90*155*44','APROBADO',2,'null','null','null',0,690.0E0,0.0E0,0.0E0,0.0E0,10.0E0,0.0E0,0.0E0,0.0E0,2467,10,2010,'2017-01-11 17:19:08.000000',FALSE,FALSE,FALSE,FALSE,731,257,1)
COMMIT
DELETE FROM ACTIVOSFIJOS WHERE IDACTIVOFIJO='02030320600002'
INSERT INTO ACTIVOSFIJOS VALUES('02030320600002','null','2010-04-12','1.538420','BANQUETA DE MADERA ROBLE DE COLOR CAFE CLARO DIM:90*155*44','APROBADO',2,'null','null','null',0,690.0E0,0.0E0,0.0E0,0.0E0,10.0E0,0.0E0,0.0E0,0.0E0,2467,10,2010,'2017-01-11 17:19:08.000000',FALSE,FALSE,FALSE,FALSE,731,257,1)
COMMIT
DELETE FROM ACTIVOSFIJOS WHERE IDACTIVOFIJO='04030320100001'
INSERT INTO ACTIVOSFIJOS VALUES('04030320100001','null','2011-12-29','1.717650','TALLIMETRO DE MADERA DE 2 CUERPOS','APROBADO',2,'null','null','null',0,570.0E0,0.0E0,0.0E0,0.0E0,12.5E0,0.0E0,0.0E0,0.0E0,1841,8,2011,'2017-01-11 17:19:08.000000',FALSE,FALSE,FALSE,FALSE,723,252,1)
COMMIT
DELETE FROM ACTIVOSFIJOS WHERE IDACTIVOFIJO='04030320100002'
INSERT INTO ACTIVOSFIJOS VALUES('04030320100002','null','2011-12-29','1.717650','TALLIMETRO DE MADERA DE 2 CUERPOS','APROBADO',2,'null','null','null',0,570.0E0,0.0E0,0.0E0,0.0E0,12.5E0,0.0E0,0.0E0,0.0E0,1841,8,2011,'2017-01-11 17:19:08.000000',FALSE,FALSE,FALSE,FALSE,723,252,1)
COMMIT
DELETE FROM ACTIVOSFIJOS WHERE IDACTIVOFIJO='04030320100003'
INSERT INTO ACTIVOSFIJOS VALUES('04030320100003','null','2012-08-15','1.772030','GRADILLA METALICA DE COLOR PLOMO CUENTA DE 2 PELDA\ufffdOS DIM:44*48*43','APROBADO',2,'null','null','null',0,334.0E0,0.0E0,0.0E0,0.0E0,12.5E0,0.0E0,0.0E0,0.0E0,1611,8,2012,'2017-01-11 17:19:08.000000',FALSE,FALSE,FALSE,FALSE,724,252,1)
COMMIT
DELETE FROM ACTIVOSFIJOS WHERE IDACTIVOFIJO='04030320100004'
INSERT INTO ACTIVOSFIJOS VALUES('04030320100004','null','2012-09-13','1.777990','CAMILLA DE EXAMEN METALICA CUENTA CON FORRO DE CUERO DE COLOR CAFE DIM:89*181*63','APROBADO',2,'null','null','null',0,2450.0E0,0.0E0,0.0E0,0.0E0,12.5E0,0.0E0,0.0E0,0.0E0,1582,8,2012,'2017-01-11 17:19:08.000000',FALSE,FALSE,FALSE,FALSE,725,252,1)
COMMIT
DELETE FROM ACTIVOSFIJOS WHERE IDACTIVOFIJO='04030320100005'
INSERT INTO ACTIVOSFIJOS VALUES('04030320100005','null','2002-02-02','6.890000','DOPLER FETAL MARCA MICROEM MOD. MD700 DE COLOR BLANCO','APROBADO',2,'null','null','null',0,3210.0E0,0.0E0,0.0E0,0.0E0,12.5E0,0.0E0,-1.0E0,1.0E0,2922,8,2002,'2017-01-11 17:19:08.000000',FALSE,FALSE,FALSE,FALSE,726,252,1)
COMMIT
DELETE FROM ACTIVOSFIJOS WHERE IDACTIVOFIJO='04030320100006'
INSERT INTO ACTIVOSFIJOS VALUES('04030320100006','null','2010-03-05','1.538050','BALANZA DE PIE DIGITAL MARCA LIFESOURCE DE COLOR PLOMO','APROBADO',2,'null','null','null',0,420.0E0,0.0E0,0.0E0,0.0E0,12.5E0,0.0E0,0.0E0,0.0E0,2505,8,2010,'2017-01-11 17:19:08.000000',FALSE,FALSE,FALSE,FALSE,727,252,1)
COMMIT
DELETE FROM ACTIVOSFIJOS WHERE IDACTIVOFIJO='04030320200001'
INSERT INTO ACTIVOSFIJOS VALUES('04030320200001','null','2012-10-29','1.787550','HELADERA MARCA CONSUL DE COLOR BLANCO DE 2 PUERTAS MO. CQD22D','APROBADO',2,'null','null','null',0,6200.0E0,0.0E0,0.0E0,0.0E0,12.5E0,0.0E0,0.0E0,0.0E0,1536,8,2012,'2017-01-11 17:19:08.000000',FALSE,FALSE,FALSE,FALSE,728,253,1)
COMMIT
DELETE FROM ACTIVOSFIJOS WHERE IDACTIVOFIJO='04030320200002'
INSERT INTO ACTIVOSFIJOS VALUES('04030320200002','null','2010-03-05','1.538050','BALANZA DE PIE DIGITAL MARCA A&D MOD. UCB','APROBADO',2,'null','null','null',0,470.0E0,0.0E0,0.0E0,0.0E0,12.5E0,0.0E0,0.0E0,0.0E0,2505,8,2010,'2017-01-11 17:19:08.000000',FALSE,FALSE,FALSE,FALSE,727,253,1)
COMMIT
DELETE FROM ACTIVOSFIJOS WHERE IDACTIVOFIJO='04030320200003'
INSERT INTO ACTIVOSFIJOS VALUES('04030320200003','null','2010-10-29','1.552720','HELADERA MARCA CONSUL MOD.CRA34EBDEA DE COLOR BLANCO','APROBADO',2,'null','null','null',0,6520.0E0,0.0E0,0.0E0,0.0E0,12.5E0,0.0E0,0.0E0,0.0E0,2267,8,2010,'2017-01-11 17:19:08.000000',FALSE,FALSE,FALSE,FALSE,728,253,1)
COMMIT
DELETE FROM ACTIVOSFIJOS WHERE IDACTIVOFIJO='04030320300001'
INSERT INTO ACTIVOSFIJOS VALUES('04030320300001','null','2007-02-04','1.198720','CAMA DE INTERNACION DE ESTRUCTURA METALICA DE COLOR CREMA DE 1 PLAZA','APROBADO',2,'null','null','null',0,7634.0E0,0.0E0,0.0E0,0.0E0,12.5E0,0.0E0,-1.0E0,1.0E0,2922,8,2007,'2017-01-11 17:19:08.000000',FALSE,FALSE,FALSE,FALSE,733,254,1)
COMMIT
DELETE FROM ACTIVOSFIJOS WHERE IDACTIVOFIJO='04030320300002'
INSERT INTO ACTIVOSFIJOS VALUES('04030320300002','null','2007-02-04','1.198720','CAMA DE INTERNACION DE ESTRUCTURA METALICA DE COLOR CREMA DE 1 PLAZA','APROBADO',2,'null','null','null',0,7634.0E0,0.0E0,0.0E0,0.0E0,12.5E0,0.0E0,-1.0E0,1.0E0,2922,8,2007,'2017-01-11 17:19:08.000000',FALSE,FALSE,FALSE,FALSE,733,254,1)
COMMIT
DELETE FROM ACTIVOSFIJOS WHERE IDACTIVOFIJO='04030320300003'
INSERT INTO ACTIVOSFIJOS VALUES('04030320300003','null','2012-09-13','1.777990','BIOMBO METALICO DE COLOR CREMA DE 2 CUERPOS','APROBADO',2,'null','null','null',0,360.0E0,0.0E0,0.0E0,0.0E0,12.5E0,0.0E0,0.0E0,0.0E0,1582,8,2012,'2017-01-11 17:19:08.000000',FALSE,FALSE,FALSE,FALSE,734,254,1)
COMMIT
DELETE FROM ACTIVOSFIJOS WHERE IDACTIVOFIJO='04030320300004'
INSERT INTO ACTIVOSFIJOS VALUES('04030320300004','null','2012-09-13','1.777990','BIOMBO METALICO DE COLOR CREMA DE 2 CUERPOS','APROBADO',2,'null','null','null',0,360.0E0,0.0E0,0.0E0,0.0E0,12.5E0,0.0E0,0.0E0,0.0E0,1582,8,2012,'2017-01-11 17:19:08.000000',FALSE,FALSE,FALSE,FALSE,734,254,1)
COMMIT
DELETE FROM ACTIVOSFIJOS WHERE IDACTIVOFIJO='04030320300005'
INSERT INTO ACTIVOSFIJOS VALUES('04030320300005','null','2012-09-13','1.777990','BIOMBO METALICO DE COLOR CREMA DE 2 CUERPOS','APROBADO',2,'null','null','null',0,360.0E0,0.0E0,0.0E0,0.0E0,12.5E0,0.0E0,0.0E0,0.0E0,1582,8,2012,'2017-01-11 17:19:08.000000',FALSE,FALSE,FALSE,FALSE,734,254,1)
COMMIT
DELETE FROM ACTIVOSFIJOS WHERE IDACTIVOFIJO='04030320300006'
INSERT INTO ACTIVOSFIJOS VALUES('04030320300006','null','2013-07-01','1.844390','PORTA SUEROS METALICO DE COLOR BLANCO','APROBADO',2,'null','null','null',0,176.0E0,0.0E0,0.0E0,0.0E0,33.33E0,0.0E0,-1.0E0,1.0E0,1096,3,2013,'2017-01-11 17:19:08.000000',TRUE,FALSE,FALSE,FALSE,735,254,1)
COMMIT
DELETE FROM ACTIVOSFIJOS WHERE IDACTIVOFIJO='04030320300007'
INSERT INTO ACTIVOSFIJOS VALUES('04030320300007','null','2013-07-01','1.844390','PORTA SUEROS METALICO DE COLOR METAL','APROBADO',2,'null','null','null',0,620.0E0,0.0E0,0.0E0,0.0E0,33.33E0,0.0E0,-1.0E0,1.0E0,1096,3,2013,'2017-01-11 17:19:08.000000',FALSE,FALSE,FALSE,FALSE,735,254,1)
COMMIT
DELETE FROM ACTIVOSFIJOS WHERE IDACTIVOFIJO='04030320500001'
INSERT INTO ACTIVOSFIJOS VALUES('04030320500001','null','2012-09-13','1.777990','CAMILLA DE EXAMINACION DE ESTRUCTURA METALICA CUENTA CON FORRO DE CUERO DE COLOR CAFE','APROBADO',2,'null','null','null',0,2450.0E0,0.0E0,0.0E0,0.0E0,12.5E0,0.0E0,0.0E0,0.0E0,1582,8,2012,'2017-01-11 17:19:08.000000',FALSE,FALSE,FALSE,FALSE,725,256,1)
COMMIT
DELETE FROM ACTIVOSFIJOS WHERE IDACTIVOFIJO='04030320500002'
INSERT INTO ACTIVOSFIJOS VALUES('04030320500002','null','2012-09-13','1.777990','CAMILLA DE EXAMINACION DE ESTRUCTURA METALICA CUENTA CON FORRO DE CUERO DE COLOR CAFE','APROBADO',2,'null','null','null',0,2450.0E0,0.0E0,0.0E0,0.0E0,12.5E0,0.0E0,0.0E0,0.0E0,1582,8,2012,'2017-01-11 17:19:08.000000',FALSE,FALSE,FALSE,FALSE,725,256,1)
COMMIT
DELETE FROM ACTIVOSFIJOS WHERE IDACTIVOFIJO='04030320500003'
INSERT INTO ACTIVOSFIJOS VALUES('04030320500003','null','2007-02-04','1.198720','LAMPARA CUELLO DE GANZO DE COLOR PLOMO','APROBADO',2,'null','null','null',0,370.0E0,0.0E0,0.0E0,0.0E0,12.5E0,0.0E0,-1.0E0,1.0E0,2922,8,2007,'2017-01-11 17:19:08.000000',FALSE,FALSE,FALSE,FALSE,741,256,1)
COMMIT
DELETE FROM ACTIVOSFIJOS WHERE IDACTIVOFIJO='04030320500004'
INSERT INTO ACTIVOSFIJOS VALUES('04030320500004','null','2012-12-21','1.798680','LAMPARA CUELLO DE GANZO DE COLOR METAL','APROBADO',2,'null','null','null',0,445.0E0,0.0E0,0.0E0,0.0E0,12.5E0,0.0E0,0.0E0,0.0E0,1483,8,2012,'2017-01-11 17:19:08.000000',FALSE,FALSE,FALSE,FALSE,741,256,1)
COMMIT
DELETE FROM ACTIVOSFIJOS WHERE IDACTIVOFIJO='04030320500005'
INSERT INTO ACTIVOSFIJOS VALUES('04030320500005','null','2013-07-01','1.844390','VELADOR METALICO DE COLOR PLOMO CUENTA CON 2 CAJONES DIM:80*50*40','APROBADO',2,'null','null','null',0,112.0E0,0.0E0,0.0E0,0.0E0,33.33E0,0.0E0,-1.0E0,1.0E0,1096,3,2013,'2017-01-11 17:19:08.000000',TRUE,FALSE,FALSE,FALSE,746,256,1)
COMMIT
DELETE FROM ACTIVOSFIJOS WHERE IDACTIVOFIJO='04030320500006'
INSERT INTO ACTIVOSFIJOS VALUES('04030320500006','null','2010-09-19','1.547940','BIOMBO METALICO DE COLOR PLOMO DE 2 CUERPOS','APROBADO',2,'null','null','null',0,360.0E0,0.0E0,0.0E0,0.0E0,12.5E0,0.0E0,0.0E0,0.0E0,2307,8,2010,'2017-01-11 17:19:08.000000',FALSE,FALSE,FALSE,FALSE,734,256,1)
COMMIT
DELETE FROM ACTIVOSFIJOS WHERE IDACTIVOFIJO='04030320500007'
INSERT INTO ACTIVOSFIJOS VALUES('04030320500007','null','2010-06-14','1.541050','ESTERILIZADOR MARCA DEMIMED MOD. ESTUAR DE COLOR BLANCO','APROBADO',2,'null','null','null',0,5500.0E0,0.0E0,0.0E0,0.0E0,12.5E0,0.0E0,0.0E0,0.0E0,2404,8,2010,'2017-01-11 17:19:08.000000',FALSE,FALSE,FALSE,FALSE,742,256,1)
COMMIT
DELETE FROM ACTIVOSFIJOS WHERE IDACTIVOFIJO='04030320500008'
INSERT INTO ACTIVOSFIJOS VALUES('04030320500008','null','2011-12-24','1.715800','BALANZA PEDIATRICA DE BANDEJA MARCA DETECTO MOD. 8440 DE COLOR BLANCO','APROBADO',2,'null','null','null',0,2717.0E0,0.0E0,0.0E0,0.0E0,12.5E0,0.0E0,0.0E0,0.0E0,1846,8,2011,'2017-01-11 17:19:08.000000',FALSE,FALSE,FALSE,FALSE,727,256,1)
COMMIT
DELETE FROM ACTIVOSFIJOS WHERE IDACTIVOFIJO='04030320500009'
INSERT INTO ACTIVOSFIJOS VALUES('04030320500009','null','2011-09-15','1.673490','NEBULIZADOR ULTRASONICO MARCA SILFAB MOD.N67A','APROBADO',2,'null','null','null',0,528.0E0,0.0E0,0.0E0,0.0E0,12.5E0,0.0E0,0.0E0,0.0E0,1946,8,2011,'2017-01-11 17:19:08.000000',FALSE,FALSE,FALSE,FALSE,743,256,1)
COMMIT
DELETE FROM ACTIVOSFIJOS WHERE IDACTIVOFIJO='04030320500010'
INSERT INTO ACTIVOSFIJOS VALUES('04030320500010','null','2008-04-12','1.331160','CARRO DE CURACIONES METALICO DE COLOR CREMA DIM:90*75*50','APROBADO',2,'null','null','null',0,890.0E0,0.0E0,0.0E0,0.0E0,12.5E0,0.0E0,-1.0E0,1.0E0,2922,8,2008,'2017-01-11 17:19:08.000000',FALSE,FALSE,FALSE,FALSE,744,256,1)
COMMIT
DELETE FROM ACTIVOSFIJOS WHERE IDACTIVOFIJO='04030320500011'
INSERT INTO ACTIVOSFIJOS VALUES('04030320500011','null','2009-09-10','1.533490','DOPPLEX FETAL MARCA HUNTLEIGH MOD. D920 DE COLOR BLANCO','APROBADO',2,'null','null','null',0,4320.0E0,0.0E0,0.0E0,0.0E0,12.5E0,0.0E0,0.0E0,0.0E0,2681,8,2009,'2017-01-11 17:19:08.000000',FALSE,FALSE,FALSE,FALSE,745,256,1)
COMMIT
DELETE FROM ACTIVOSFIJOS WHERE IDACTIVOFIJO='04030320800001'
INSERT INTO ACTIVOSFIJOS VALUES('04030320800001','null','2011-12-04','1.708220','TALLIMETRO DE MADERA DE 1 CUERPO','APROBADO',3,'null','null','null',0,620.0E0,0.0E0,0.0E0,0.0E0,12.5E0,0.0E0,0.0E0,0.0E0,1866,8,2011,'2017-01-11 17:19:08.000000',FALSE,FALSE,FALSE,FALSE,723,259,1)
COMMIT
DELETE FROM ACTIVOSFIJOS WHERE IDACTIVOFIJO='04030320800002'
INSERT INTO ACTIVOSFIJOS VALUES('04030320800002','null','2002-06-02','7.070000','BALANZA DE PIE MARCA CARRY DE COLOR CELESTE','APROBADO',3,'null','null','null',0,470.0E0,0.0E0,0.0E0,0.0E0,12.5E0,0.0E0,-1.0E0,1.0E0,2922,8,2002,'2017-01-11 17:19:08.000000',FALSE,FALSE,FALSE,FALSE,727,259,1)
COMMIT
DELETE FROM ACTIVOSFIJOS WHERE IDACTIVOFIJO='04030320800003'
INSERT INTO ACTIVOSFIJOS VALUES('04030320800003','null','2003-02-15','7.540000','BALANZA PEDIATRICA DE BANDEJA DE COLOR BLANCO','APROBADO',2,'null','null','null',0,870.0E0,0.0E0,0.0E0,0.0E0,12.5E0,0.0E0,-1.0E0,1.0E0,2922,8,2003,'2017-01-11 17:19:08.000000',FALSE,FALSE,FALSE,FALSE,727,259,1)
COMMIT
DELETE FROM ACTIVOSFIJOS WHERE IDACTIVOFIJO='04030320800004'
INSERT INTO ACTIVOSFIJOS VALUES('04030320800004','null','2002-03-02','6.970000','BALANZA PLASTICA SALTER','APROBADO',3,'null','null','null',0,350.0E0,0.0E0,0.0E0,0.0E0,12.5E0,0.0E0,-1.0E0,1.0E0,2922,8,2002,'2017-01-11 17:19:08.000000',FALSE,FALSE,FALSE,FALSE,727,259,1)
COMMIT
DELETE FROM ACTIVOSFIJOS WHERE IDACTIVOFIJO='04030320800005'
INSERT INTO ACTIVOSFIJOS VALUES('04030320800005','null','2009-02-10','1.487740','SILLA DE RUEDAS DE ESTRUCTURA METALICA Y FORRO DE CUERO DE COLOR NEGRO','APROBADO',2,'null','null','null',0,1500.0E0,0.0E0,0.0E0,0.0E0,12.5E0,0.0E0,0.0E0,0.0E0,2893,8,2009,'2017-01-11 17:19:08.000000',FALSE,FALSE,FALSE,FALSE,750,259,1)
COMMIT
DELETE FROM ACTIVOSFIJOS WHERE IDACTIVOFIJO='05030320100001'
INSERT INTO ACTIVOSFIJOS VALUES('05030320100001','null','2013-07-01','1.844390','RADIO DE COMUNICACIONES MARCA VERTEX MOD. VX1700 DE COLOR NEGRO','APROBADO',2,'null','null','null',0,1375.0E0,0.0E0,0.0E0,0.0E0,50.0E0,0.0E0,-1.0E0,1.0E0,730,2,2013,'2017-01-11 17:19:08.000000',TRUE,FALSE,FALSE,FALSE,755,252,1)
COMMIT
DELETE FROM ACTIVOSFIJOS WHERE IDACTIVOFIJO='05030320100002'
INSERT INTO ACTIVOSFIJOS VALUES('05030320100002','null','2013-07-01','1.844390','REGULADOR DE ENERGIA PARA RADIO MOD. RD2022','APROBADO',2,'null','null','null',0,343.0E0,0.0E0,0.0E0,0.0E0,50.0E0,0.0E0,-1.0E0,1.0E0,730,2,2013,'2017-01-11 17:19:08.000000',TRUE,FALSE,FALSE,FALSE,756,252,1)
COMMIT
DELETE FROM ACTIVOSFIJOS WHERE IDACTIVOFIJO='08030320100001'
INSERT INTO ACTIVOSFIJOS VALUES('08030320100001','null','2010-11-05','1.553680','MOTOCICLETA YAMAHA, COLOR AZUL, MODELO AG200 PLACA 2622-ZNK No MOTOR 3GX106668 No CHASIS JYA3GX0079A106868, A\ufffdO 2009, 200cc, GASOLINA','APROBADO',2,'null','null','null',0,38000.0E0,0.0E0,0.0E0,0.0E0,20.0E0,0.0E0,-1.0E0,1.0E0,1826,5,2010,'2017-01-11 17:19:08.000000',FALSE,FALSE,FALSE,FALSE,754,252,1)
COMMIT
DELETE FROM ACTIVOSFIJOS WHERE IDACTIVOFIJO='13030320700001'
INSERT INTO ACTIVOSFIJOS VALUES('13030320700001','null','2010-06-02','1.540410','COCINA DE HORNALLAS MARCA DAKO MOD.AMAZONAS DE COLOR CAFE','APROBADO',2,'null','null','null',0,350.0E0,0.0E0,0.0E0,0.0E0,25.0E0,0.0E0,-1.0E0,1.0E0,1461,4,2010,'2017-01-11 17:19:08.000000',FALSE,FALSE,FALSE,FALSE,748,258,1)
COMMIT
DELETE FROM ACTIVOSFIJOS WHERE IDACTIVOFIJO='13030320800001'
INSERT INTO ACTIVOSFIJOS VALUES('13030320800001','null','2005-06-04','1.109920','COCINA DE 2 HORNALLAS DE COLOR BLANCO','APROBADO',3,'null','null','null',0,370.0E0,0.0E0,0.0E0,0.0E0,25.0E0,0.0E0,-1.0E0,1.0E0,1461,4,2005,'2017-01-11 17:19:08.000000',FALSE,FALSE,FALSE,FALSE,748,259,1)
COMMIT
DELETE FROM ACTIVOSFIJOS WHERE IDACTIVOFIJO='13030320800002'
INSERT INTO ACTIVOSFIJOS VALUES('13030320800002','null','2013-07-01','1.844390','MOCHILA ROCIADORA METALICA MARCA HUDSON','APROBADO',2,'null','null','null',0,280.0E0,0.0E0,0.0E0,0.0E0,33.33E0,0.0E0,-1.0E0,1.0E0,1096,3,2013,'2017-01-11 17:19:08.000000',TRUE,FALSE,FALSE,FALSE,751,259,1)
COMMIT
DELETE FROM ACTIVOSFIJOS WHERE IDACTIVOFIJO='15030320400001'
INSERT INTO ACTIVOSFIJOS VALUES('15030320400001','null','2011-05-19','1.617240','CPU CON CASE DELL PROCESADOR INTEL COREI5 DE 2.67 GHZ RAM 4 GB DISCO DURO 500GB CUENTA CON MOUSE TECLADO Y PARLANTES','APROBADO',2,'null','null','null',0,5594.0E0,0.0E0,0.0E0,0.0E0,25.0E0,0.0E0,-1.0E0,1.0E0,1461,4,2011,'2017-01-11 17:19:08.000000',FALSE,FALSE,FALSE,FALSE,737,255,1)
COMMIT
DELETE FROM ACTIVOSFIJOS WHERE IDACTIVOFIJO='15030320400002'
INSERT INTO ACTIVOSFIJOS VALUES('15030320400002','null','2011-05-19','1.617240','MONITOR LCD MARCA DELL DE 19" DE COLOR NEGRO S/N:CN-00H3PD-72872-05-P-17YI','APROBADO',2,'null','null','null',0,1320.0E0,0.0E0,0.0E0,0.0E0,25.0E0,0.0E0,-1.0E0,1.0E0,1461,4,2011,'2017-01-11 17:19:09.000000',FALSE,FALSE,FALSE,FALSE,738,255,1)
COMMIT
DELETE FROM ACTIVOSFIJOS WHERE IDACTIVOFIJO='15030320400003'
INSERT INTO ACTIVOSFIJOS VALUES('15030320400003','null','2011-05-19','1.617240','IMPRESORA LASER MARCA HP MOD. P1606DN DE COLOR NEGRO S/N:_BRBSBBMP8F','APROBADO',2,'null','null','null',0,1280.0E0,0.0E0,0.0E0,0.0E0,25.0E0,0.0E0,-1.0E0,1.0E0,1461,4,2011,'2017-01-11 17:19:09.000000',FALSE,FALSE,FALSE,FALSE,739,255,1)
COMMIT
DELETE FROM ACTIVOSFIJOS WHERE IDACTIVOFIJO='15030320400004'
INSERT INTO ACTIVOSFIJOS VALUES('15030320400004','null','2011-05-19','1.617240','UPS MARCA FORZA DE COLOR NEGRO','APROBADO',2,'null','null','null',0,1020.0E0,0.0E0,0.0E0,0.0E0,25.0E0,0.0E0,-1.0E0,1.0E0,1461,4,2011,'2017-01-11 17:19:09.000000',FALSE,FALSE,FALSE,FALSE,740,255,1)
COMMIT
DELETE FROM ACTIVOSFIJOS WHERE IDACTIVOFIJO='24030320800001'
INSERT INTO ACTIVOSFIJOS VALUES('24030320800001','null','2003-05-18','7.600000','PANEL SOLAR MARCA KYOCERA MOD.KCDOT S/N:0675AB3825','APROBADO',3,'null','null','null',0,2200.0E0,0.0E0,0.0E0,0.0E0,10.0E0,0.0E0,-1.0E0,1.0E0,3653,10,2003,'2017-01-11 17:19:09.000000',FALSE,FALSE,FALSE,FALSE,749,259,1)
COMMIT
DELETE FROM ACTIVOSFIJOS WHERE IDACTIVOFIJO='34030321000001'
INSERT INTO ACTIVOSFIJOS VALUES('34030321000001','null','2013-06-30','1.844160','TERRENO CENTRO DE SALUD VIRGEN DEL ROSARIO DE HUAYLLAPAMPA ALTA','APROBADO',2,'null','null','null',0,21808.79E0,0.0E0,0.0E0,0.0E0,0.0E0,0.0E0,0.0E0,0.0E0,1292,0,2013,'2017-01-11 17:19:09.000000',FALSE,FALSE,FALSE,FALSE,753,261,1)
COMMIT
